TN:
SF:server.js
FN:35,(anonymous_0)
FN:62,logRequest
FN:83,handleHealthCheck
FN:116,handleUsdaHealth
FN:128,(anonymous_4)
FN:128,(anonymous_5)
FN:145,handleSetup
FN:216,verifyWebhookSecret
FN:257,handleWebhook
FN:301,handleNotFound
FN:327,(anonymous_10)
FN:333,(anonymous_11)
FN:352,(anonymous_12)
FN:361,(anonymous_13)
FN:361,(anonymous_14)
FN:374,(anonymous_15)
FN:416,(anonymous_16)
FN:442,(anonymous_17)
FN:455,(anonymous_18)
FN:465,(anonymous_19)
FN:495,parseBody
FN:496,(anonymous_21)
FN:498,(anonymous_22)
FN:499,(anonymous_23)
FN:512,(anonymous_24)
FN:541,(anonymous_25)
FN:570,(anonymous_26)
FN:575,(anonymous_27)
FN:584,(anonymous_28)
FN:588,(anonymous_29)
FNF:30
FNH:0
FNDA:0,(anonymous_0)
FNDA:0,logRequest
FNDA:0,handleHealthCheck
FNDA:0,handleUsdaHealth
FNDA:0,(anonymous_4)
FNDA:0,(anonymous_5)
FNDA:0,handleSetup
FNDA:0,verifyWebhookSecret
FNDA:0,handleWebhook
FNDA:0,handleNotFound
FNDA:0,(anonymous_10)
FNDA:0,(anonymous_11)
FNDA:0,(anonymous_12)
FNDA:0,(anonymous_13)
FNDA:0,(anonymous_14)
FNDA:0,(anonymous_15)
FNDA:0,(anonymous_16)
FNDA:0,(anonymous_17)
FNDA:0,(anonymous_18)
FNDA:0,(anonymous_19)
FNDA:0,parseBody
FNDA:0,(anonymous_21)
FNDA:0,(anonymous_22)
FNDA:0,(anonymous_23)
FNDA:0,(anonymous_24)
FNDA:0,(anonymous_25)
FNDA:0,(anonymous_26)
FNDA:0,(anonymous_27)
FNDA:0,(anonymous_28)
FNDA:0,(anonymous_29)
DA:17,0
DA:18,0
DA:19,0
DA:20,0
DA:24,0
DA:26,0
DA:27,0
DA:28,0
DA:31,0
DA:32,0
DA:35,0
DA:36,0
DA:37,0
DA:38,0
DA:39,0
DA:40,0
DA:41,0
DA:42,0
DA:45,0
DA:46,0
DA:48,0
DA:49,0
DA:52,0
DA:53,0
DA:63,0
DA:64,0
DA:67,0
DA:68,0
DA:69,0
DA:72,0
DA:84,0
DA:86,0
DA:87,0
DA:89,0
DA:90,0
DA:117,0
DA:119,0
DA:120,0
DA:121,0
DA:123,0
DA:124,0
DA:128,0
DA:131,0
DA:132,0
DA:133,0
DA:146,0
DA:149,0
DA:150,0
DA:151,0
DA:152,0
DA:163,0
DA:166,0
DA:167,0
DA:169,0
DA:170,0
DA:173,0
DA:174,0
DA:175,0
DA:177,0
DA:180,0
DA:182,0
DA:183,0
DA:185,0
DA:186,0
DA:199,0
DA:201,0
DA:202,0
DA:218,0
DA:219,0
DA:222,0
DA:225,0
DA:226,0
DA:227,0
DA:231,0
DA:232,0
DA:233,0
DA:236,0
DA:237,0
DA:238,0
DA:242,0
DA:243,0
DA:244,0
DA:246,0
DA:248,0
DA:249,0
DA:258,0
DA:260,0
DA:262,0
DA:263,0
DA:264,0
DA:265,0
DA:269,0
DA:273,0
DA:274,0
DA:275,0
DA:276,0
DA:277,0
DA:281,0
DA:284,0
DA:285,0
DA:287,0
DA:290,0
DA:291,0
DA:302,0
DA:304,0
DA:305,0
DA:321,0
DA:327,0
DA:328,0
DA:329,0
DA:333,0
DA:334,0
DA:335,0
DA:352,0
DA:353,0
DA:354,0
DA:355,0
DA:357,0
DA:361,0
DA:364,0
DA:365,0
DA:374,0
DA:375,0
DA:376,0
DA:378,0
DA:379,0
DA:382,0
DA:383,0
DA:384,0
DA:386,0
DA:387,0
DA:389,0
DA:390,0
DA:392,0
DA:405,0
DA:406,0
DA:416,0
DA:417,0
DA:419,0
DA:420,0
DA:421,0
DA:427,0
DA:428,0
DA:429,0
DA:432,0
DA:433,0
DA:435,0
DA:437,0
DA:442,0
DA:443,0
DA:455,0
DA:456,0
DA:457,0
DA:465,0
DA:466,0
DA:467,0
DA:468,0
DA:469,0
DA:470,0
DA:471,0
DA:472,0
DA:473,0
DA:474,0
DA:475,0
DA:476,0
DA:477,0
DA:478,0
DA:479,0
DA:480,0
DA:481,0
DA:482,0
DA:483,0
DA:484,0
DA:492,0
DA:496,0
DA:497,0
DA:498,0
DA:499,0
DA:500,0
DA:501,0
DA:502,0
DA:504,0
DA:507,0
DA:512,0
DA:514,0
DA:515,0
DA:516,0
DA:518,0
DA:519,0
DA:520,0
DA:521,0
DA:526,0
DA:527,0
DA:528,0
DA:529,0
DA:530,0
DA:531,0
DA:532,0
DA:533,0
DA:535,0
DA:541,0
DA:542,0
DA:543,0
DA:544,0
DA:545,0
DA:546,0
DA:547,0
DA:548,0
DA:549,0
DA:550,0
DA:551,0
DA:552,0
DA:553,0
DA:554,0
DA:555,0
DA:556,0
DA:557,0
DA:558,0
DA:559,0
DA:560,0
DA:561,0
DA:562,0
DA:570,0
DA:571,0
DA:572,0
DA:575,0
DA:576,0
DA:577,0
DA:584,0
DA:585,0
DA:588,0
DA:589,0
DA:590,0
LF:233
LH:0
BRDA:67,0,0,0
BRDA:67,0,1,0
BRDA:67,1,0,0
BRDA:67,1,1,0
BRDA:69,2,0,0
BRDA:69,2,1,0
BRDA:72,3,0,0
BRDA:72,3,1,0
BRDA:87,4,0,0
BRDA:87,4,1,0
BRDA:91,5,0,0
BRDA:91,5,1,0
BRDA:92,6,0,0
BRDA:92,6,1,0
BRDA:104,7,0,0
BRDA:104,7,1,0
BRDA:105,8,0,0
BRDA:105,8,1,0
BRDA:149,9,0,0
BRDA:149,9,1,0
BRDA:174,10,0,0
BRDA:174,10,1,0
BRDA:218,11,0,0
BRDA:218,11,1,0
BRDA:222,12,0,0
BRDA:222,12,1,0
BRDA:225,13,0,0
BRDA:225,13,1,0
BRDA:236,14,0,0
BRDA:236,14,1,0
BRDA:243,15,0,0
BRDA:243,15,1,0
BRDA:262,16,0,0
BRDA:262,16,1,0
BRDA:273,17,0,0
BRDA:273,17,1,0
BRDA:273,18,0,0
BRDA:273,18,1,0
BRDA:321,19,0,0
BRDA:321,19,1,0
BRDA:383,20,0,0
BRDA:383,20,1,0
BRDA:419,21,0,0
BRDA:419,21,1,0
BRDA:427,22,0,0
BRDA:427,22,1,0
BRDA:427,23,0,0
BRDA:427,23,1,0
BRDA:472,24,0,0
BRDA:472,24,1,0
BRDA:473,25,0,0
BRDA:473,25,1,0
BRDA:474,26,0,0
BRDA:474,26,1,0
BRDA:501,27,0,0
BRDA:501,27,1,0
BRDA:514,28,0,0
BRDA:514,28,1,0
BRDA:526,29,0,0
BRDA:526,29,1,0
BRDA:526,30,0,0
BRDA:526,30,1,0
BRDA:528,31,0,0
BRDA:528,31,1,0
BRDA:528,32,0,0
BRDA:528,32,1,0
BRDA:530,33,0,0
BRDA:530,33,1,0
BRDA:530,34,0,0
BRDA:530,34,1,0
BRDA:532,35,0,0
BRDA:532,35,1,0
BRDA:532,36,0,0
BRDA:532,36,1,0
BRDA:548,37,0,0
BRDA:548,37,1,0
BRDA:549,38,0,0
BRDA:549,38,1,0
BRDA:550,39,0,0
BRDA:550,39,1,0
BRF:80
BRH:0
end_of_record
TN:
SF:src/circuit-breaker.js
FN:19,(anonymous_0)
FN:83,(anonymous_1)
FN:110,(anonymous_2)
FN:117,(anonymous_3)
FN:142,(anonymous_4)
FN:154,(anonymous_5)
FN:184,(anonymous_6)
FN:191,(anonymous_7)
FN:230,(anonymous_8)
FN:246,(anonymous_9)
FN:312,(anonymous_10)
FN:336,(anonymous_11)
FNF:12
FNH:12
FNDA:71,(anonymous_0)
FNDA:1041,(anonymous_1)
FNDA:66,(anonymous_2)
FNDA:1049,(anonymous_3)
FNDA:4125,(anonymous_4)
FNDA:2003215,(anonymous_5)
FNDA:3,(anonymous_6)
FNDA:3109,(anonymous_7)
FNDA:3113,(anonymous_8)
FNDA:19,(anonymous_9)
FNDA:6,(anonymous_10)
FNDA:3,(anonymous_11)
DA:21,71
DA:22,1
DA:24,70
DA:25,1
DA:27,69
DA:28,1
DA:30,68
DA:31,1
DA:35,67
DA:44,67
DA:45,67
DA:46,67
DA:47,67
DA:48,67
DA:49,67
DA:52,67
DA:66,67
DA:85,1041
DA:86,1036
DA:88,1036
DA:90,1036
DA:92,1033
DA:93,1033
DA:94,1033
DA:96,1033
DA:98,1032
DA:101,3
DA:104,5
DA:111,66
DA:118,1049
DA:119,1049
DA:120,1049
DA:121,1049
DA:123,1049
DA:124,1032
DA:125,1032
DA:128,1032
DA:129,1019
DA:130,1019
DA:131,1019
DA:143,4125
DA:144,4125
DA:145,4125
DA:146,4125
DA:147,4125
DA:150,4125
DA:153,4125
DA:154,2003215
DA:158,4125
DA:159,1000
DA:162,4125
DA:165,4125
DA:167,4121
DA:168,1053
DA:169,1053
DA:170,1053
DA:172,4
DA:174,4
DA:175,4
DA:176,4
DA:177,4
DA:185,3
DA:192,3109
DA:194,3108
DA:195,3108
DA:197,3108
DA:199,3108
DA:200,3108
DA:203,3108
DA:211,3108
DA:215,3108
DA:216,2000
DA:220,3108
DA:221,1057
DA:222,2051
DA:223,1019
DA:231,3113
DA:232,1054
DA:233,2059
DA:234,1033
DA:235,1026
DA:236,1020
DA:237,6
DA:238,5
DA:240,1
DA:247,19
DA:248,19
DA:251,19
DA:252,19
DA:253,25
DA:254,25
DA:255,12
DA:256,12
DA:257,12
DA:261,19
DA:262,5
DA:265,19
DA:266,19
DA:271,19
DA:272,19
DA:273,5
DA:274,5
DA:281,19
DA:313,6
DA:315,6
DA:316,6
DA:317,6
DA:318,6
DA:319,6
DA:320,6
DA:322,6
DA:330,6
DA:337,3
DA:338,3
DA:339,3
DA:340,3
DA:341,3
DA:342,3
DA:343,3
DA:345,3
DA:346,1
DA:347,2
DA:348,1
DA:351,3
DA:355,1
LF:125
LH:125
BRDA:19,0,0,12
BRDA:21,1,0,1
BRDA:21,1,1,70
BRDA:21,2,0,71
BRDA:21,2,1,55
BRDA:24,3,0,1
BRDA:24,3,1,69
BRDA:24,4,0,70
BRDA:24,4,1,14
BRDA:27,5,0,1
BRDA:27,5,1,68
BRDA:27,6,0,69
BRDA:27,6,1,8
BRDA:30,7,0,1
BRDA:30,7,1,67
BRDA:30,8,0,68
BRDA:30,8,1,29
BRDA:36,9,0,67
BRDA:36,9,1,13
BRDA:37,10,0,67
BRDA:37,10,1,60
BRDA:38,11,0,67
BRDA:38,11,1,39
BRDA:39,12,0,67
BRDA:39,12,1,54
BRDA:40,13,0,67
BRDA:40,13,1,55
BRDA:85,14,0,1036
BRDA:85,14,1,5
BRDA:85,15,0,1041
BRDA:85,15,1,1038
BRDA:90,16,0,1033
BRDA:90,16,1,3
BRDA:123,17,0,1032
BRDA:123,17,1,17
BRDA:128,18,0,1019
BRDA:128,18,1,13
BRDA:147,19,0,4124
BRDA:147,19,1,1
BRDA:158,20,0,1000
BRDA:158,20,1,3125
BRDA:165,21,0,4121
BRDA:165,21,1,4
BRDA:167,22,0,1053
BRDA:167,22,1,3068
BRDA:172,23,0,4
BRDA:172,23,1,0
BRDA:192,24,0,1
BRDA:192,24,1,3108
BRDA:215,25,0,2000
BRDA:215,25,1,1108
BRDA:220,26,0,1057
BRDA:220,26,1,2051
BRDA:222,27,0,1019
BRDA:222,27,1,1032
BRDA:231,28,0,1054
BRDA:231,28,1,2059
BRDA:231,29,0,3113
BRDA:231,29,1,1054
BRDA:233,30,0,1033
BRDA:233,30,1,1026
BRDA:233,31,0,2059
BRDA:233,31,1,1033
BRDA:235,32,0,1020
BRDA:235,32,1,6
BRDA:235,33,0,1026
BRDA:235,33,1,1025
BRDA:237,34,0,5
BRDA:237,34,1,1
BRDA:237,35,0,6
BRDA:237,35,1,5
BRDA:254,36,0,12
BRDA:254,36,1,13
BRDA:256,37,0,7
BRDA:256,37,1,5
BRDA:261,38,0,5
BRDA:261,38,1,14
BRDA:265,39,0,7
BRDA:265,39,1,12
BRDA:266,40,0,15
BRDA:266,40,1,4
BRDA:272,41,0,5
BRDA:272,41,1,14
BRDA:297,42,0,13
BRDA:297,42,1,6
BRDA:301,43,0,8
BRDA:301,43,1,11
BRDA:345,44,0,1
BRDA:345,44,1,2
BRDA:345,45,0,3
BRDA:345,45,1,1
BRDA:347,46,0,1
BRDA:347,46,1,1
BRF:93
BRH:92
end_of_record
TN:
SF:src/claude-integration.js
FN:21,(anonymous_0)
FN:41,(anonymous_1)
FN:203,(anonymous_2)
FN:220,(anonymous_3)
FN:225,(anonymous_4)
FN:249,(anonymous_5)
FN:266,(anonymous_6)
FN:370,(anonymous_7)
FN:417,(anonymous_8)
FN:423,(anonymous_9)
FN:467,(anonymous_10)
FN:542,(anonymous_11)
FN:587,(anonymous_12)
FN:593,(anonymous_13)
FN:630,(anonymous_14)
FN:659,(anonymous_15)
FN:679,(anonymous_16)
FNF:17
FNH:0
FNDA:0,(anonymous_0)
FNDA:0,(anonymous_1)
FNDA:0,(anonymous_2)
FNDA:0,(anonymous_3)
FNDA:0,(anonymous_4)
FNDA:0,(anonymous_5)
FNDA:0,(anonymous_6)
FNDA:0,(anonymous_7)
FNDA:0,(anonymous_8)
FNDA:0,(anonymous_9)
FNDA:0,(anonymous_10)
FNDA:0,(anonymous_11)
FNDA:0,(anonymous_12)
FNDA:0,(anonymous_13)
FNDA:0,(anonymous_14)
FNDA:0,(anonymous_15)
FNDA:0,(anonymous_16)
DA:2,0
DA:3,0
DA:4,0
DA:21,0
DA:22,0
DA:23,0
DA:27,0
DA:40,0
DA:41,0
DA:42,0
DA:46,0
DA:49,0
DA:71,0
DA:157,0
DA:204,0
DA:205,0
DA:206,0
DA:207,0
DA:208,0
DA:211,0
DA:212,0
DA:213,0
DA:221,0
DA:222,0
DA:225,0
DA:228,0
DA:229,0
DA:230,0
DA:231,0
DA:232,0
DA:236,0
DA:237,0
DA:250,0
DA:253,0
DA:257,0
DA:264,0
DA:266,0
DA:268,0
DA:269,0
DA:270,0
DA:271,0
DA:273,0
DA:274,0
DA:277,0
DA:291,0
DA:297,0
DA:300,0
DA:303,0
DA:304,0
DA:306,0
DA:308,0
DA:311,0
DA:320,0
DA:339,0
DA:347,0
DA:348,0
DA:354,0
DA:370,0
DA:371,0
DA:372,0
DA:373,0
DA:376,0
DA:377,0
DA:379,0
DA:382,0
DA:383,0
DA:385,0
DA:386,0
DA:395,0
DA:396,0
DA:397,0
DA:398,0
DA:407,0
DA:416,0
DA:417,0
DA:420,0
DA:421,0
DA:423,0
DA:424,0
DA:428,0
DA:436,0
DA:437,0
DA:446,0
DA:449,0
DA:450,0
DA:451,0
DA:452,0
DA:454,0
DA:468,0
DA:469,0
DA:472,0
DA:474,0
DA:476,0
DA:519,0
DA:520,0
DA:526,0
DA:542,0
DA:543,0
DA:544,0
DA:545,0
DA:548,0
DA:549,0
DA:551,0
DA:554,0
DA:555,0
DA:557,0
DA:558,0
DA:566,0
DA:567,0
DA:568,0
DA:569,0
DA:577,0
DA:586,0
DA:587,0
DA:590,0
DA:591,0
DA:593,0
DA:594,0
DA:598,0
DA:604,0
DA:611,0
DA:613,0
DA:614,0
DA:615,0
DA:616,0
DA:618,0
DA:632,0
DA:633,0
DA:634,0
DA:644,0
DA:660,0
DA:664,0
DA:680,0
DA:683,0
DA:684,0
DA:685,0
DA:689,0
DA:690,0
DA:691,0
DA:692,0
DA:697,0
DA:698,0
DA:702,0
DA:703,0
DA:704,0
DA:708,0
DA:745,0
DA:746,0
DA:747,0
DA:750,0
DA:751,0
DA:752,0
DA:756,0
DA:757,0
DA:758,0
DA:759,0
DA:762,0
DA:763,0
DA:766,0
DA:767,0
DA:774,0
DA:775,0
DA:778,0
DA:779,0
DA:782,0
DA:783,0
DA:787,0
DA:788,0
DA:791,0
DA:792,0
DA:795,0
DA:803,0
DA:807,0
DA:809,0
LF:174
LH:0
BRDA:22,0,0,0
BRDA:22,0,1,0
BRDA:205,1,0,0
BRDA:205,1,1,0
BRDA:206,2,0,0
BRDA:206,2,1,0
BRDA:208,3,0,0
BRDA:208,3,1,0
BRDA:228,4,0,0
BRDA:228,4,1,0
BRDA:249,5,0,0
BRDA:268,6,0,0
BRDA:268,6,1,0
BRDA:273,7,0,0
BRDA:273,7,1,0
BRDA:306,8,0,0
BRDA:306,8,1,0
BRDA:306,9,0,0
BRDA:306,9,1,0
BRDA:347,10,0,0
BRDA:347,10,1,0
BRDA:371,11,0,0
BRDA:371,11,1,0
BRDA:371,12,0,0
BRDA:371,12,1,0
BRDA:379,13,0,0
BRDA:379,13,1,0
BRDA:396,14,0,0
BRDA:396,14,1,0
BRDA:420,15,0,0
BRDA:420,15,1,0
BRDA:446,16,0,0
BRDA:446,16,1,0
BRDA:449,17,0,0
BRDA:449,17,1,0
BRDA:451,18,0,0
BRDA:451,18,1,0
BRDA:519,19,0,0
BRDA:519,19,1,0
BRDA:543,20,0,0
BRDA:543,20,1,0
BRDA:543,21,0,0
BRDA:543,21,1,0
BRDA:551,22,0,0
BRDA:551,22,1,0
BRDA:567,23,0,0
BRDA:567,23,1,0
BRDA:590,24,0,0
BRDA:590,24,1,0
BRDA:611,25,0,0
BRDA:611,25,1,0
BRDA:613,26,0,0
BRDA:613,26,1,0
BRDA:615,27,0,0
BRDA:615,27,1,0
BRDA:630,28,0,0
BRDA:632,29,0,0
BRDA:632,29,1,0
BRDA:659,30,0,0
BRDA:660,31,0,0
BRDA:660,31,1,0
BRDA:683,32,0,0
BRDA:683,32,1,0
BRDA:683,33,0,0
BRDA:683,33,1,0
BRDA:683,33,2,0
BRDA:691,34,0,0
BRDA:691,34,1,0
BRDA:697,35,0,0
BRDA:697,35,1,0
BRDA:697,36,0,0
BRDA:697,36,1,0
BRDA:702,37,0,0
BRDA:702,37,1,0
BRDA:702,38,0,0
BRDA:702,38,1,0
BRDA:702,38,2,0
BRDA:746,39,0,0
BRDA:746,39,1,0
BRDA:750,40,0,0
BRDA:750,40,1,0
BRDA:756,41,0,0
BRDA:756,41,1,0
BRDA:757,42,0,0
BRDA:757,42,1,0
BRDA:757,43,0,0
BRDA:757,43,1,0
BRDA:762,44,0,0
BRDA:762,44,1,0
BRDA:766,45,0,0
BRDA:766,45,1,0
BRDA:774,46,0,0
BRDA:774,46,1,0
BRDA:774,47,0,0
BRDA:774,47,1,0
BRDA:778,48,0,0
BRDA:778,48,1,0
BRDA:778,49,0,0
BRDA:778,49,1,0
BRDA:782,50,0,0
BRDA:782,50,1,0
BRDA:782,51,0,0
BRDA:782,51,1,0
BRDA:787,52,0,0
BRDA:787,52,1,0
BRDA:791,53,0,0
BRDA:791,53,1,0
BRF:107
BRH:0
end_of_record
TN:
SF:src/config.js
FN:17,validateConfig
FN:26,(anonymous_1)
FN:27,(anonymous_2)
FN:316,(anonymous_3)
FN:316,(anonymous_4)
FNF:5
FNH:0
FNDA:0,validateConfig
FNDA:0,(anonymous_1)
FNDA:0,(anonymous_2)
FNDA:0,(anonymous_3)
FNDA:0,(anonymous_4)
DA:10,0
DA:18,0
DA:24,0
DA:26,0
DA:27,0
DA:28,0
DA:29,0
DA:35,0
DA:36,0
DA:37,0
DA:38,0
DA:40,0
DA:41,0
DA:42,0
DA:43,0
DA:44,0
DA:45,0
DA:46,0
DA:47,0
DA:48,0
DA:49,0
DA:50,0
DA:51,0
DA:52,0
DA:53,0
DA:56,0
DA:60,0
DA:61,0
DA:62,0
DA:66,0
DA:67,0
DA:68,0
DA:69,0
DA:70,0
DA:71,0
DA:72,0
DA:73,0
DA:74,0
DA:75,0
DA:76,0
DA:77,0
DA:78,0
DA:83,0
DA:84,0
DA:85,0
DA:86,0
DA:87,0
DA:88,0
DA:89,0
DA:90,0
DA:91,0
DA:94,0
DA:95,0
DA:106,0
DA:247,0
DA:306,0
DA:316,0
DA:364,0
DA:365,0
DA:366,0
DA:367,0
DA:368,0
DA:369,0
DA:371,0
DA:372,0
DA:373,0
DA:375,0
DA:376,0
DA:377,0
DA:378,0
DA:379,0
DA:380,0
DA:381,0
DA:382,0
DA:384,0
DA:385,0
DA:386,0
DA:388,0
DA:392,0
LF:79
LH:0
BRDA:28,0,0,0
BRDA:28,0,1,0
BRDA:35,1,0,0
BRDA:35,1,1,0
BRDA:36,2,0,0
BRDA:36,2,1,0
BRDA:38,3,0,0
BRDA:38,3,1,0
BRDA:60,4,0,0
BRDA:60,4,1,0
BRDA:66,5,0,0
BRDA:66,5,1,0
BRDA:83,6,0,0
BRDA:83,6,1,0
BRDA:83,7,0,0
BRDA:83,7,1,0
BRDA:94,8,0,0
BRDA:94,8,1,0
BRDA:310,9,0,0
BRDA:310,9,1,0
BRDA:311,10,0,0
BRDA:311,10,1,0
BRDA:315,11,0,0
BRDA:315,11,1,0
BRDA:319,12,0,0
BRDA:319,12,1,0
BRDA:325,13,0,0
BRDA:325,13,1,0
BRDA:326,14,0,0
BRDA:326,14,1,0
BRDA:331,15,0,0
BRDA:331,15,1,0
BRDA:338,16,0,0
BRDA:338,16,1,0
BRDA:339,17,0,0
BRDA:339,17,1,0
BRDA:340,18,0,0
BRDA:340,18,1,0
BRDA:345,19,0,0
BRDA:345,19,1,0
BRDA:346,20,0,0
BRDA:346,20,1,0
BRDA:357,21,0,0
BRDA:357,21,1,0
BRDA:358,22,0,0
BRDA:358,22,1,0
BRDA:359,23,0,0
BRDA:359,23,1,0
BRDA:365,24,0,0
BRDA:365,24,1,0
BRDA:366,25,0,0
BRDA:366,25,1,0
BRDA:367,26,0,0
BRDA:367,26,1,0
BRDA:384,27,0,0
BRDA:384,27,1,0
BRF:56
BRH:0
end_of_record
TN:
SF:src/conversation-manager.js
FN:66,(anonymous_0)
FN:115,(anonymous_1)
FN:141,(anonymous_2)
FN:158,(anonymous_3)
FN:187,(anonymous_4)
FN:214,(anonymous_5)
FN:227,(anonymous_6)
FN:265,(anonymous_7)
FN:318,(anonymous_8)
FN:351,(anonymous_9)
FN:361,(anonymous_10)
FN:372,(anonymous_11)
FN:373,(anonymous_12)
FN:382,(anonymous_13)
FN:403,(anonymous_14)
FN:437,(anonymous_15)
FN:439,(anonymous_16)
FN:442,(anonymous_17)
FNF:18
FNH:0
FNDA:0,(anonymous_0)
FNDA:0,(anonymous_1)
FNDA:0,(anonymous_2)
FNDA:0,(anonymous_3)
FNDA:0,(anonymous_4)
FNDA:0,(anonymous_5)
FNDA:0,(anonymous_6)
FNDA:0,(anonymous_7)
FNDA:0,(anonymous_8)
FNDA:0,(anonymous_9)
FNDA:0,(anonymous_10)
FNDA:0,(anonymous_11)
FNDA:0,(anonymous_12)
FNDA:0,(anonymous_13)
FNDA:0,(anonymous_14)
FNDA:0,(anonymous_15)
FNDA:0,(anonymous_16)
FNDA:0,(anonymous_17)
DA:34,0
DA:35,0
DA:41,0
DA:69,0
DA:73,0
DA:77,0
DA:80,0
DA:81,0
DA:82,0
DA:83,0
DA:84,0
DA:85,0
DA:94,0
DA:95,0
DA:96,0
DA:98,0
DA:99,0
DA:103,0
DA:116,0
DA:117,0
DA:120,0
DA:123,0
DA:124,0
DA:125,0
DA:131,0
DA:132,0
DA:133,0
DA:142,0
DA:143,0
DA:145,0
DA:146,0
DA:148,0
DA:159,0
DA:160,0
DA:162,0
DA:163,0
DA:167,0
DA:168,0
DA:170,0
DA:171,0
DA:172,0
DA:175,0
DA:188,0
DA:189,0
DA:193,0
DA:194,0
DA:195,0
DA:196,0
DA:198,0
DA:205,0
DA:215,0
DA:216,0
DA:228,0
DA:229,0
DA:231,0
DA:233,0
DA:236,0
DA:240,0
DA:242,0
DA:243,0
DA:245,0
DA:251,0
DA:266,0
DA:269,0
DA:274,0
DA:277,0
DA:278,0
DA:279,0
DA:283,0
DA:284,0
DA:285,0
DA:288,0
DA:291,0
DA:299,0
DA:300,0
DA:302,0
DA:308,0
DA:309,0
DA:310,0
DA:319,0
DA:320,0
DA:322,0
DA:323,0
DA:324,0
DA:325,0
DA:326,0
DA:329,0
DA:330,0
DA:332,0
DA:333,0
DA:334,0
DA:338,0
DA:339,0
DA:340,0
DA:341,0
DA:352,0
DA:353,0
DA:362,0
DA:363,0
DA:364,0
DA:365,0
DA:373,0
DA:374,0
DA:375,0
DA:383,0
DA:384,0
DA:386,0
DA:387,0
DA:388,0
DA:389,0
DA:390,0
DA:394,0
DA:395,0
DA:404,0
DA:405,0
DA:407,0
DA:408,0
DA:409,0
DA:410,0
DA:411,0
DA:412,0
DA:416,0
DA:417,0
DA:419,0
DA:420,0
DA:421,0
DA:422,0
DA:423,0
DA:427,0
DA:428,0
DA:438,0
DA:439,0
DA:441,0
DA:442,0
DA:445,0
DA:450,0
DA:454,0
DA:470,0
LF:138
LH:0
BRDA:45,0,0,0
BRDA:45,0,1,0
BRDA:49,1,0,0
BRDA:49,1,1,0
BRDA:53,2,0,0
BRDA:53,2,1,0
BRDA:56,3,0,0
BRDA:56,3,1,0
BRDA:59,4,0,0
BRDA:59,4,1,0
BRDA:62,5,0,0
BRDA:62,5,1,0
BRDA:123,6,0,0
BRDA:123,6,1,0
BRDA:123,7,0,0
BRDA:123,7,1,0
BRDA:145,8,0,0
BRDA:145,8,1,0
BRDA:162,9,0,0
BRDA:162,9,1,0
BRDA:168,10,0,0
BRDA:168,10,1,0
BRDA:188,11,0,0
BRDA:188,11,1,0
BRDA:188,12,0,0
BRDA:188,12,1,0
BRDA:193,13,0,0
BRDA:193,13,1,0
BRDA:216,14,0,0
BRDA:216,14,1,0
BRDA:231,15,0,0
BRDA:231,15,1,0
BRDA:231,16,0,0
BRDA:231,16,1,0
BRDA:236,17,0,0
BRDA:236,17,1,0
BRDA:240,18,0,0
BRDA:240,18,1,0
BRDA:243,19,0,0
BRDA:243,19,1,0
BRDA:265,20,0,0
BRDA:269,21,0,0
BRDA:269,21,1,0
BRDA:269,22,0,0
BRDA:269,22,1,0
BRDA:277,23,0,0
BRDA:277,23,1,0
BRDA:277,24,0,0
BRDA:277,24,1,0
BRDA:283,25,0,0
BRDA:283,25,1,0
BRDA:299,26,0,0
BRDA:299,26,1,0
BRDA:308,27,0,0
BRDA:308,27,1,0
BRDA:323,28,0,0
BRDA:323,28,1,0
BRDA:332,29,0,0
BRDA:332,29,1,0
BRDA:338,30,0,0
BRDA:338,30,1,0
BRDA:353,31,0,0
BRDA:353,31,1,0
BRDA:387,32,0,0
BRDA:387,32,1,0
BRDA:394,33,0,0
BRDA:394,33,1,0
BRDA:408,34,0,0
BRDA:408,34,1,0
BRDA:419,35,0,0
BRDA:419,35,1,0
BRDA:427,36,0,0
BRDA:427,36,1,0
BRDA:445,37,0,0
BRDA:445,37,1,0
BRDA:450,38,0,0
BRDA:450,38,1,0
BRF:77
BRH:0
end_of_record
TN:
SF:src/github-integration.js
FN:20,(anonymous_0)
FN:55,(anonymous_1)
FN:64,(anonymous_2)
FN:69,(anonymous_3)
FN:93,(anonymous_4)
FN:115,(anonymous_5)
FN:185,(anonymous_6)
FN:216,(anonymous_7)
FN:262,(anonymous_8)
FN:276,(anonymous_9)
FN:404,(anonymous_10)
FN:438,(anonymous_11)
FN:458,(anonymous_12)
FN:483,(anonymous_13)
FN:510,(anonymous_14)
FN:541,(anonymous_15)
FN:573,(anonymous_16)
FNF:17
FNH:0
FNDA:0,(anonymous_0)
FNDA:0,(anonymous_1)
FNDA:0,(anonymous_2)
FNDA:0,(anonymous_3)
FNDA:0,(anonymous_4)
FNDA:0,(anonymous_5)
FNDA:0,(anonymous_6)
FNDA:0,(anonymous_7)
FNDA:0,(anonymous_8)
FNDA:0,(anonymous_9)
FNDA:0,(anonymous_10)
FNDA:0,(anonymous_11)
FNDA:0,(anonymous_12)
FNDA:0,(anonymous_13)
FNDA:0,(anonymous_14)
FNDA:0,(anonymous_15)
FNDA:0,(anonymous_16)
DA:2,0
DA:3,0
DA:4,0
DA:21,0
DA:22,0
DA:23,0
DA:24,0
DA:25,0
DA:28,0
DA:29,0
DA:30,0
DA:33,0
DA:34,0
DA:35,0
DA:36,0
DA:39,0
DA:40,0
DA:42,0
DA:43,0
DA:56,0
DA:57,0
DA:65,0
DA:66,0
DA:69,0
DA:72,0
DA:73,0
DA:74,0
DA:75,0
DA:76,0
DA:80,0
DA:81,0
DA:94,0
DA:95,0
DA:96,0
DA:116,0
DA:117,0
DA:119,0
DA:121,0
DA:124,0
DA:136,0
DA:137,0
DA:139,0
DA:146,0
DA:148,0
DA:149,0
DA:161,0
DA:167,0
DA:186,0
DA:187,0
DA:189,0
DA:190,0
DA:191,0
DA:194,0
DA:195,0
DA:198,0
DA:200,0
DA:203,0
DA:204,0
DA:208,0
DA:209,0
DA:210,0
DA:213,0
DA:216,0
DA:219,0
DA:227,0
DA:263,0
DA:265,0
DA:266,0
DA:268,0
DA:269,0
DA:273,0
DA:276,0
DA:278,0
DA:281,0
DA:298,0
DA:301,0
DA:309,0
DA:310,0
DA:312,0
DA:319,0
DA:320,0
DA:324,0
DA:326,0
DA:334,0
DA:340,0
DA:346,0
DA:353,0
DA:361,0
DA:362,0
DA:363,0
DA:364,0
DA:365,0
DA:367,0
DA:369,0
DA:405,0
DA:406,0
DA:407,0
DA:410,0
DA:411,0
DA:415,0
DA:438,0
DA:440,0
DA:441,0
DA:442,0
DA:443,0
DA:445,0
DA:446,0
DA:450,0
DA:451,0
DA:452,0
DA:456,0
DA:458,0
DA:459,0
DA:461,0
DA:464,0
DA:465,0
DA:466,0
DA:467,0
DA:468,0
DA:469,0
DA:470,0
DA:471,0
DA:472,0
DA:473,0
DA:474,0
DA:475,0
DA:476,0
DA:477,0
DA:478,0
DA:483,0
DA:484,0
DA:485,0
DA:489,0
DA:491,0
DA:495,0
DA:511,0
DA:538,0
DA:539,0
DA:541,0
DA:542,0
DA:543,0
DA:546,0
DA:547,0
DA:548,0
DA:550,0
DA:554,0
DA:555,0
DA:559,0
DA:560,0
DA:563,0
DA:574,0
DA:598,0
LF:152
LH:0
BRDA:39,0,0,0
BRDA:39,0,1,0
BRDA:42,1,0,0
BRDA:42,1,1,0
BRDA:42,2,0,0
BRDA:42,2,1,0
BRDA:72,3,0,0
BRDA:72,3,1,0
BRDA:93,4,0,0
BRDA:94,5,0,0
BRDA:94,5,1,0
BRDA:115,6,0,0
BRDA:146,7,0,0
BRDA:146,7,1,0
BRDA:148,8,0,0
BRDA:148,8,1,0
BRDA:194,9,0,0
BRDA:194,9,1,0
BRDA:203,10,0,0
BRDA:203,10,1,0
BRDA:208,11,0,0
BRDA:208,11,1,0
BRDA:262,12,0,0
BRDA:262,13,0,0
BRDA:262,14,0,0
BRDA:265,15,0,0
BRDA:265,15,1,0
BRDA:268,16,0,0
BRDA:268,16,1,0
BRDA:273,17,0,0
BRDA:273,17,1,0
BRDA:288,18,0,0
BRDA:288,18,1,0
BRDA:289,19,0,0
BRDA:289,19,1,0
BRDA:290,20,0,0
BRDA:290,20,1,0
BRDA:294,21,0,0
BRDA:294,21,1,0
BRDA:319,22,0,0
BRDA:319,22,1,0
BRDA:361,23,0,0
BRDA:361,23,1,0
BRDA:363,24,0,0
BRDA:363,24,1,0
BRDA:365,25,0,0
BRDA:365,25,1,0
BRDA:404,26,0,0
BRDA:404,27,0,0
BRDA:407,28,0,0
BRDA:407,28,1,0
BRDA:410,29,0,0
BRDA:410,29,1,0
BRDA:410,30,0,0
BRDA:410,30,1,0
BRDA:440,31,0,0
BRDA:440,31,1,0
BRDA:441,32,0,0
BRDA:441,32,1,0
BRDA:445,33,0,0
BRDA:445,33,1,0
BRDA:450,34,0,0
BRDA:450,34,1,0
BRDA:450,35,0,0
BRDA:450,35,1,0
BRDA:461,36,0,0
BRDA:461,36,1,0
BRDA:464,37,0,0
BRDA:464,37,1,0
BRDA:465,38,0,0
BRDA:465,38,1,0
BRDA:466,39,0,0
BRDA:466,39,1,0
BRDA:467,40,0,0
BRDA:467,40,1,0
BRDA:468,41,0,0
BRDA:468,41,1,0
BRDA:469,42,0,0
BRDA:469,42,1,0
BRDA:470,43,0,0
BRDA:470,43,1,0
BRDA:471,44,0,0
BRDA:471,44,1,0
BRDA:472,45,0,0
BRDA:472,45,1,0
BRDA:473,46,0,0
BRDA:473,46,1,0
BRDA:474,47,0,0
BRDA:474,47,1,0
BRDA:475,48,0,0
BRDA:475,48,1,0
BRDA:476,49,0,0
BRDA:476,49,1,0
BRDA:477,50,0,0
BRDA:477,50,1,0
BRDA:478,51,0,0
BRDA:478,51,1,0
BRDA:484,52,0,0
BRDA:484,52,1,0
BRDA:484,53,0,0
BRDA:484,53,1,0
BRDA:484,53,2,0
BRDA:495,54,0,0
BRDA:495,54,1,0
BRDA:542,55,0,0
BRDA:542,55,1,0
BRDA:546,56,0,0
BRDA:546,56,1,0
BRDA:546,57,0,0
BRDA:546,57,1,0
BRDA:559,58,0,0
BRDA:559,58,1,0
BRF:112
BRH:0
end_of_record
TN:
SF:src/response-handler.js
FN:25,detectResponseType
FN:77,(anonymous_1)
FN:94,extractJSON
FN:113,extractConversationalText
FN:132,formatResponse
FN:190,isClarification
FN:204,(anonymous_6)
FN:212,isQuestion
FN:223,(anonymous_8)
FN:231,isFoodLogging
FN:240,(anonymous_10)
FN:249,detectIntent
FNF:12
FNH:0
FNDA:0,detectResponseType
FNDA:0,(anonymous_1)
FNDA:0,extractJSON
FNDA:0,extractConversationalText
FNDA:0,formatResponse
FNDA:0,isClarification
FNDA:0,(anonymous_6)
FNDA:0,isQuestion
FNDA:0,(anonymous_8)
FNDA:0,isFoodLogging
FNDA:0,(anonymous_10)
FNDA:0,detectIntent
DA:13,0
DA:26,0
DA:27,0
DA:36,0
DA:37,0
DA:40,0
DA:41,0
DA:42,0
DA:45,0
DA:48,0
DA:49,0
DA:57,0
DA:58,0
DA:67,0
DA:77,0
DA:78,0
DA:81,0
DA:95,0
DA:96,0
DA:97,0
DA:98,0
DA:101,0
DA:103,0
DA:104,0
DA:114,0
DA:117,0
DA:120,0
DA:122,0
DA:133,0
DA:136,0
DA:146,0
DA:147,0
DA:157,0
DA:166,0
DA:175,0
DA:191,0
DA:204,0
DA:213,0
DA:223,0
DA:232,0
DA:240,0
DA:250,0
DA:251,0
DA:254,0
DA:257,0
DA:258,0
DA:262,0
DA:263,0
DA:267,0
DA:268,0
DA:272,0
DA:275,0
LF:52
LH:0
BRDA:26,0,0,0
BRDA:26,0,1,0
BRDA:26,1,0,0
BRDA:26,1,1,0
BRDA:41,2,0,0
BRDA:41,2,1,0
BRDA:48,3,0,0
BRDA:48,3,1,0
BRDA:48,4,0,0
BRDA:48,4,1,0
BRDA:57,5,0,0
BRDA:57,5,1,0
BRDA:57,6,0,0
BRDA:57,6,1,0
BRDA:85,7,0,0
BRDA:85,7,1,0
BRDA:97,8,0,0
BRDA:97,8,1,0
BRDA:97,9,0,0
BRDA:97,9,1,0
BRDA:114,10,0,0
BRDA:114,10,1,0
BRDA:132,11,0,0
BRDA:133,12,0,0
BRDA:133,12,1,0
BRDA:133,12,2,0
BRDA:133,12,3,0
BRDA:133,12,4,0
BRDA:249,13,0,0
BRDA:250,14,0,0
BRDA:250,14,1,0
BRDA:250,15,0,0
BRDA:250,15,1,0
BRDA:257,16,0,0
BRDA:257,16,1,0
BRDA:257,17,0,0
BRDA:257,17,1,0
BRDA:262,18,0,0
BRDA:262,18,1,0
BRDA:267,19,0,0
BRDA:267,19,1,0
BRF:41
BRH:0
end_of_record
TN:
SF:src/test-fixes.js
FNF:0
FNH:0
DA:6,0
DA:7,0
DA:9,0
DA:10,0
DA:11,0
DA:14,0
DA:15,0
DA:16,0
DA:18,0
DA:19,0
DA:23,0
DA:24,0
DA:31,0
DA:32,0
DA:33,0
DA:34,0
DA:35,0
DA:37,0
DA:38,0
DA:42,0
DA:43,0
DA:45,0
DA:49,0
DA:50,0
DA:53,0
DA:54,0
DA:56,0
DA:57,0
DA:61,0
DA:62,0
DA:64,0
DA:65,0
DA:69,0
DA:70,0
DA:73,0
DA:74,0
DA:75,0
DA:77,0
DA:78,0
DA:81,0
DA:84,0
DA:85,0
DA:86,0
DA:88,0
DA:89,0
DA:91,0
DA:92,0
DA:94,0
DA:95,0
DA:96,0
DA:97,0
DA:99,0
DA:100,0
DA:101,0
DA:104,0
DA:105,0
DA:108,0
DA:109,0
DA:112,0
DA:113,0
DA:114,0
DA:116,0
DA:117,0
DA:118,0
DA:119,0
DA:121,0
DA:122,0
DA:123,0
DA:124,0
DA:127,0
DA:130,0
DA:131,0
DA:132,0
DA:133,0
DA:134,0
DA:135,0
DA:136,0
DA:137,0
DA:138,0
DA:139,0
DA:142,0
DA:143,0
DA:144,0
DA:145,0
DA:146,0
DA:147,0
LF:86
LH:0
BRDA:15,0,0,0
BRDA:15,0,1,0
BRDA:34,1,0,0
BRDA:34,1,1,0
BRDA:42,2,0,0
BRDA:42,2,1,0
BRDA:53,3,0,0
BRDA:53,3,1,0
BRDA:61,4,0,0
BRDA:61,4,1,0
BRDA:73,5,0,0
BRDA:73,5,1,0
BRDA:91,6,0,0
BRDA:91,6,1,0
BRDA:94,7,0,0
BRDA:94,7,1,0
BRDA:94,8,0,0
BRDA:94,8,1,0
BRDA:116,9,0,0
BRDA:116,9,1,0
BRF:20
BRH:0
end_of_record
TN:
SF:src/test-token-counting.js
FN:16,generateMessage
FN:23,logTest
FN:32,runTests
FN:287,(anonymous_3)
FNF:4
FNH:0
FNDA:0,generateMessage
FNDA:0,logTest
FNDA:0,runTests
FNDA:0,(anonymous_3)
DA:13,0
DA:18,0
DA:19,0
DA:24,0
DA:25,0
DA:26,0
DA:27,0
DA:33,0
DA:34,0
DA:35,0
DA:37,0
DA:38,0
DA:41,0
DA:42,0
DA:43,0
DA:44,0
DA:45,0
DA:47,0
DA:53,0
DA:54,0
DA:56,0
DA:57,0
DA:61,0
DA:62,0
DA:63,0
DA:64,0
DA:65,0
DA:67,0
DA:73,0
DA:74,0
DA:76,0
DA:77,0
DA:81,0
DA:82,0
DA:83,0
DA:84,0
DA:86,0
DA:87,0
DA:89,0
DA:90,0
DA:92,0
DA:93,0
DA:95,0
DA:97,0
DA:103,0
DA:104,0
DA:106,0
DA:107,0
DA:111,0
DA:112,0
DA:113,0
DA:114,0
DA:118,0
DA:119,0
DA:120,0
DA:123,0
DA:124,0
DA:126,0
DA:128,0
DA:134,0
DA:135,0
DA:137,0
DA:138,0
DA:142,0
DA:143,0
DA:144,0
DA:145,0
DA:149,0
DA:150,0
DA:151,0
DA:154,0
DA:155,0
DA:158,0
DA:160,0
DA:166,0
DA:167,0
DA:169,0
DA:170,0
DA:174,0
DA:175,0
DA:176,0
DA:179,0
DA:185,0
DA:191,0
DA:192,0
DA:194,0
DA:195,0
DA:199,0
DA:200,0
DA:201,0
DA:202,0
DA:205,0
DA:206,0
DA:210,0
DA:211,0
DA:213,0
DA:217,0
DA:218,0
DA:220,0
DA:226,0
DA:227,0
DA:229,0
DA:230,0
DA:234,0
DA:235,0
DA:236,0
DA:237,0
DA:240,0
DA:241,0
DA:243,0
DA:246,0
DA:248,0
DA:249,0
DA:251,0
DA:253,0
DA:259,0
DA:260,0
DA:262,0
DA:263,0
DA:267,0
DA:268,0
DA:269,0
DA:270,0
DA:271,0
DA:272,0
DA:274,0
DA:275,0
DA:277,0
DA:279,0
DA:282,0
DA:283,0
DA:287,0
DA:288,0
DA:289,0
LF:134
LH:0
BRDA:23,0,0,0
BRDA:24,1,0,0
BRDA:24,1,1,0
BRDA:26,2,0,0
BRDA:26,2,1,0
BRDA:53,3,0,0
BRDA:53,3,1,0
BRDA:65,4,0,0
BRDA:65,4,1,0
BRDA:73,5,0,0
BRDA:73,5,1,0
BRDA:95,6,0,0
BRDA:95,6,1,0
BRDA:103,7,0,0
BRDA:103,7,1,0
BRDA:134,8,0,0
BRDA:134,8,1,0
BRDA:166,9,0,0
BRDA:166,9,1,0
BRDA:179,10,0,0
BRDA:179,10,1,0
BRDA:179,10,2,0
BRDA:179,10,3,0
BRDA:179,10,4,0
BRDA:191,11,0,0
BRDA:191,11,1,0
BRDA:218,12,0,0
BRDA:218,12,1,0
BRDA:226,13,0,0
BRDA:226,13,1,0
BRDA:251,14,0,0
BRDA:251,14,1,0
BRDA:251,14,2,0
BRDA:259,15,0,0
BRDA:259,15,1,0
BRDA:274,16,0,0
BRDA:274,16,1,0
BRF:37
BRH:0
end_of_record
TN:
SF:src/usda-api.js
FN:38,(anonymous_0)
FN:81,(anonymous_1)
FN:124,(anonymous_2)
FN:131,(anonymous_3)
FN:138,(anonymous_4)
FN:149,(anonymous_5)
FN:192,(anonymous_6)
FN:210,(anonymous_7)
FN:261,(anonymous_8)
FN:275,(anonymous_9)
FN:280,(anonymous_10)
FN:311,(anonymous_11)
FN:327,(anonymous_12)
FN:331,(anonymous_13)
FN:362,(anonymous_14)
FN:378,(anonymous_15)
FN:382,(anonymous_16)
FN:413,(anonymous_17)
FN:444,(anonymous_18)
FN:476,(anonymous_19)
FN:509,(anonymous_20)
FNF:21
FNH:0
FNDA:0,(anonymous_0)
FNDA:0,(anonymous_1)
FNDA:0,(anonymous_2)
FNDA:0,(anonymous_3)
FNDA:0,(anonymous_4)
FNDA:0,(anonymous_5)
FNDA:0,(anonymous_6)
FNDA:0,(anonymous_7)
FNDA:0,(anonymous_8)
FNDA:0,(anonymous_9)
FNDA:0,(anonymous_10)
FNDA:0,(anonymous_11)
FNDA:0,(anonymous_12)
FNDA:0,(anonymous_13)
FNDA:0,(anonymous_14)
FNDA:0,(anonymous_15)
FNDA:0,(anonymous_16)
FNDA:0,(anonymous_17)
FNDA:0,(anonymous_18)
FNDA:0,(anonymous_19)
FNDA:0,(anonymous_20)
DA:2,0
DA:3,0
DA:4,0
DA:22,0
DA:23,0
DA:30,0
DA:34,0
DA:35,0
DA:39,0
DA:40,0
DA:43,0
DA:44,0
DA:45,0
DA:48,0
DA:56,0
DA:83,0
DA:84,0
DA:86,0
DA:87,0
DA:91,0
DA:92,0
DA:94,0
DA:95,0
DA:98,0
DA:100,0
DA:103,0
DA:105,0
DA:108,0
DA:111,0
DA:112,0
DA:113,0
DA:114,0
DA:117,0
DA:125,0
DA:132,0
DA:139,0
DA:151,0
DA:162,0
DA:163,0
DA:164,0
DA:168,0
DA:169,0
DA:172,0
DA:173,0
DA:174,0
DA:178,0
DA:179,0
DA:180,0
DA:185,0
DA:193,0
DA:194,0
DA:197,0
DA:200,0
DA:201,0
DA:203,0
DA:211,0
DA:212,0
DA:214,0
DA:215,0
DA:216,0
DA:217,0
DA:220,0
DA:222,0
DA:223,0
DA:226,0
DA:229,0
DA:232,0
DA:234,0
DA:243,0
DA:246,0
DA:247,0
DA:248,0
DA:251,0
DA:252,0
DA:253,0
DA:257,0
DA:258,0
DA:261,0
DA:265,0
DA:276,0
DA:277,0
DA:280,0
DA:283,0
DA:284,0
DA:285,0
DA:286,0
DA:287,0
DA:294,0
DA:295,0
DA:313,0
DA:314,0
DA:315,0
DA:316,0
DA:324,0
DA:327,0
DA:328,0
DA:330,0
DA:332,0
DA:342,0
DA:347,0
DA:348,0
DA:364,0
DA:365,0
DA:366,0
DA:367,0
DA:375,0
DA:378,0
DA:379,0
DA:381,0
DA:383,0
DA:391,0
DA:392,0
DA:395,0
DA:400,0
DA:401,0
DA:414,0
DA:417,0
DA:443,0
DA:444,0
DA:446,0
DA:447,0
DA:449,0
DA:450,0
DA:452,0
DA:455,0
DA:456,0
DA:457,0
DA:458,0
DA:460,0
DA:467,0
DA:476,0
DA:477,0
DA:478,0
DA:483,0
DA:484,0
DA:490,0
DA:498,0
DA:499,0
DA:500,0
DA:503,0
DA:511,0
DA:512,0
DA:514,0
DA:515,0
DA:516,0
DA:518,0
DA:519,0
DA:521,0
DA:522,0
DA:526,0
DA:527,0
DA:528,0
DA:529,0
DA:531,0
DA:534,0
DA:535,0
DA:536,0
DA:541,0
DA:542,0
DA:543,0
DA:546,0
DA:548,0
DA:550,0
DA:551,0
DA:558,0
DA:560,0
DA:561,0
DA:563,0
DA:574,0
DA:575,0
DA:576,0
DA:584,0
DA:585,0
DA:594,0
DA:595,0
DA:596,0
LF:176
LH:0
BRDA:83,0,0,0
BRDA:83,0,1,0
BRDA:89,1,0,0
BRDA:89,1,1,0
BRDA:112,2,0,0
BRDA:112,2,1,0
BRDA:162,3,0,0
BRDA:162,3,1,0
BRDA:162,4,0,0
BRDA:162,4,1,0
BRDA:168,5,0,0
BRDA:168,5,1,0
BRDA:172,6,0,0
BRDA:172,6,1,0
BRDA:172,7,0,0
BRDA:172,7,1,0
BRDA:178,8,0,0
BRDA:178,8,1,0
BRDA:178,9,0,0
BRDA:178,9,1,0
BRDA:210,10,0,0
BRDA:216,11,0,0
BRDA:216,11,1,0
BRDA:222,12,0,0
BRDA:222,12,1,0
BRDA:246,13,0,0
BRDA:246,13,1,0
BRDA:251,14,0,0
BRDA:251,14,1,0
BRDA:283,15,0,0
BRDA:283,15,1,0
BRDA:311,16,0,0
BRDA:313,17,0,0
BRDA:313,17,1,0
BRDA:318,18,0,0
BRDA:318,18,1,0
BRDA:342,19,0,0
BRDA:342,19,1,0
BRDA:364,20,0,0
BRDA:364,20,1,0
BRDA:369,21,0,0
BRDA:369,21,1,0
BRDA:391,22,0,0
BRDA:391,22,1,0
BRDA:391,23,0,0
BRDA:391,23,1,0
BRDA:391,23,2,0
BRDA:413,24,0,0
BRDA:443,25,0,0
BRDA:443,25,1,0
BRDA:446,26,0,0
BRDA:446,26,1,0
BRDA:447,27,0,0
BRDA:447,27,1,0
BRDA:450,28,0,0
BRDA:450,28,1,0
BRDA:450,29,0,0
BRDA:450,29,1,0
BRDA:455,30,0,0
BRDA:455,30,1,0
BRDA:457,31,0,0
BRDA:457,31,1,0
BRDA:457,32,0,0
BRDA:457,32,1,0
BRDA:477,33,0,0
BRDA:477,33,1,0
BRDA:483,34,0,0
BRDA:483,34,1,0
BRDA:498,35,0,0
BRDA:498,35,1,0
BRDA:498,36,0,0
BRDA:498,36,1,0
BRDA:514,37,0,0
BRDA:514,37,1,0
BRDA:521,38,0,0
BRDA:521,38,1,0
BRDA:521,39,0,0
BRDA:521,39,1,0
BRDA:521,39,2,0
BRDA:526,40,0,0
BRDA:526,40,1,0
BRDA:528,41,0,0
BRDA:528,41,1,0
BRDA:528,42,0,0
BRDA:528,42,1,0
BRDA:535,43,0,0
BRDA:535,43,1,0
BRDA:542,44,0,0
BRDA:542,44,1,0
BRDA:550,45,0,0
BRDA:550,45,1,0
BRDA:574,46,0,0
BRDA:574,46,1,0
BRF:93
BRH:0
end_of_record
TN:
SF:src/webhook.js
FN:68,(anonymous_0)
FN:97,(anonymous_1)
FN:145,(anonymous_2)
FN:150,(anonymous_3)
FN:168,(anonymous_4)
FN:181,(anonymous_5)
FN:217,(anonymous_6)
FN:242,(anonymous_7)
FN:259,(anonymous_8)
FN:285,(anonymous_9)
FN:322,(anonymous_10)
FN:370,(anonymous_11)
FN:398,(anonymous_12)
FN:454,(anonymous_13)
FN:525,(anonymous_14)
FN:533,(anonymous_15)
FN:555,(anonymous_16)
FN:570,(anonymous_17)
FN:600,(anonymous_18)
FN:627,(anonymous_19)
FN:772,(anonymous_20)
FN:944,(anonymous_21)
FN:946,(anonymous_22)
FN:960,(anonymous_23)
FN:1069,(anonymous_24)
FNF:25
FNH:0
FNDA:0,(anonymous_0)
FNDA:0,(anonymous_1)
FNDA:0,(anonymous_2)
FNDA:0,(anonymous_3)
FNDA:0,(anonymous_4)
FNDA:0,(anonymous_5)
FNDA:0,(anonymous_6)
FNDA:0,(anonymous_7)
FNDA:0,(anonymous_8)
FNDA:0,(anonymous_9)
FNDA:0,(anonymous_10)
FNDA:0,(anonymous_11)
FNDA:0,(anonymous_12)
FNDA:0,(anonymous_13)
FNDA:0,(anonymous_14)
FNDA:0,(anonymous_15)
FNDA:0,(anonymous_16)
FNDA:0,(anonymous_17)
FNDA:0,(anonymous_18)
FNDA:0,(anonymous_19)
FNDA:0,(anonymous_20)
FNDA:0,(anonymous_21)
FNDA:0,(anonymous_22)
FNDA:0,(anonymous_23)
FNDA:0,(anonymous_24)
DA:2,0
DA:3,0
DA:4,0
DA:5,0
DA:6,0
DA:7,0
DA:8,0
DA:9,0
DA:38,0
DA:45,0
DA:46,0
DA:52,0
DA:55,0
DA:68,0
DA:69,0
DA:70,0
DA:78,0
DA:79,0
DA:88,0
DA:97,0
DA:98,0
DA:99,0
DA:100,0
DA:104,0
DA:107,0
DA:122,0
DA:124,0
DA:125,0
DA:128,0
DA:138,0
DA:139,0
DA:140,0
DA:145,0
DA:146,0
DA:147,0
DA:149,0
DA:150,0
DA:152,0
DA:153,0
DA:155,0
DA:161,0
DA:168,0
DA:169,0
DA:170,0
DA:171,0
DA:174,0
DA:175,0
DA:178,0
DA:181,0
DA:184,0
DA:185,0
DA:186,0
DA:188,0
DA:190,0
DA:197,0
DA:198,0
DA:201,0
DA:202,0
DA:205,0
DA:217,0
DA:219,0
DA:220,0
DA:223,0
DA:224,0
DA:225,0
DA:226,0
DA:229,0
DA:230,0
DA:231,0
DA:234,0
DA:242,0
DA:243,0
DA:244,0
DA:248,0
DA:259,0
DA:260,0
DA:263,0
DA:282,0
DA:285,0
DA:286,0
DA:290,0
DA:303,0
DA:304,0
DA:305,0
DA:310,0
DA:311,0
DA:314,0
DA:322,0
DA:324,0
DA:325,0
DA:328,0
DA:331,0
DA:332,0
DA:333,0
DA:337,0
DA:338,0
DA:339,0
DA:342,0
DA:343,0
DA:344,0
DA:348,0
DA:349,0
DA:350,0
DA:352,0
DA:354,0
DA:355,0
DA:360,0
DA:361,0
DA:370,0
DA:371,0
DA:392,0
DA:398,0
DA:399,0
DA:448,0
DA:454,0
DA:455,0
DA:457,0
DA:460,0
DA:461,0
DA:464,0
DA:467,0
DA:476,0
DA:477,0
DA:480,0
DA:510,0
DA:517,0
DA:518,0
DA:525,0
DA:526,0
DA:533,0
DA:534,0
DA:537,0
DA:538,0
DA:539,0
DA:543,0
DA:545,0
DA:548,0
DA:555,0
DA:556,0
DA:559,0
DA:560,0
DA:563,0
DA:564,0
DA:570,0
DA:571,0
DA:572,0
DA:573,0
DA:575,0
DA:576,0
DA:577,0
DA:580,0
DA:590,0
DA:600,0
DA:601,0
DA:602,0
DA:605,0
DA:606,0
DA:610,0
DA:611,0
DA:612,0
DA:615,0
DA:617,0
DA:621,0
DA:624,0
DA:627,0
DA:632,0
DA:635,0
DA:638,0
DA:639,0
DA:640,0
DA:644,0
DA:645,0
DA:648,0
DA:649,0
DA:655,0
DA:658,0
DA:660,0
DA:661,0
DA:667,0
DA:671,0
DA:677,0
DA:681,0
DA:684,0
DA:692,0
DA:695,0
DA:700,0
DA:706,0
DA:709,0
DA:710,0
DA:721,0
DA:723,0
DA:729,0
DA:730,0
DA:752,0
DA:759,0
DA:760,0
DA:765,0
DA:772,0
DA:773,0
DA:776,0
DA:777,0
DA:778,0
DA:779,0
DA:783,0
DA:784,0
DA:785,0
DA:788,0
DA:790,0
DA:794,0
DA:795,0
DA:797,0
DA:800,0
DA:801,0
DA:804,0
DA:805,0
DA:806,0
DA:812,0
DA:813,0
DA:817,0
DA:818,0
DA:821,0
DA:822,0
DA:825,0
DA:829,0
DA:832,0
DA:840,0
DA:842,0
DA:843,0
DA:849,0
DA:853,0
DA:856,0
DA:864,0
DA:865,0
DA:870,0
DA:873,0
DA:879,0
DA:882,0
DA:883,0
DA:893,0
DA:895,0
DA:901,0
DA:902,0
DA:920,0
DA:927,0
DA:928,0
DA:933,0
DA:944,0
DA:945,0
DA:946,0
DA:947,0
DA:960,0
DA:961,0
DA:963,0
DA:964,0
DA:965,0
DA:968,0
DA:972,0
DA:973,0
DA:974,0
DA:977,0
DA:980,0
DA:983,0
DA:991,0
DA:992,0
DA:993,0
DA:995,0
DA:999,0
DA:1005,0
DA:1009,0
DA:1011,0
DA:1012,0
DA:1013,0
DA:1017,0
DA:1020,0
DA:1021,0
DA:1022,0
DA:1026,0
DA:1027,0
DA:1037,0
DA:1041,0
DA:1046,0
DA:1047,0
DA:1058,0
DA:1069,0
LF:284
LH:0
BRDA:68,0,0,0
BRDA:69,1,0,0
BRDA:69,1,1,0
BRDA:76,2,0,0
BRDA:76,2,1,0
BRDA:76,2,2,0
BRDA:78,3,0,0
BRDA:78,3,1,0
BRDA:81,4,0,0
BRDA:81,4,1,0
BRDA:82,5,0,0
BRDA:82,5,1,0
BRDA:83,6,0,0
BRDA:83,6,1,0
BRDA:85,7,0,0
BRDA:85,7,1,0
BRDA:85,7,2,0
BRDA:98,8,0,0
BRDA:98,8,1,0
BRDA:122,9,0,0
BRDA:122,9,1,0
BRDA:124,10,0,0
BRDA:124,10,1,0
BRDA:152,11,0,0
BRDA:152,11,1,0
BRDA:170,12,0,0
BRDA:170,12,1,0
BRDA:178,13,0,0
BRDA:178,13,1,0
BRDA:184,14,0,0
BRDA:184,14,1,0
BRDA:201,15,0,0
BRDA:201,15,1,0
BRDA:219,16,0,0
BRDA:219,16,1,0
BRDA:219,17,0,0
BRDA:219,17,1,0
BRDA:224,18,0,0
BRDA:224,18,1,0
BRDA:229,19,0,0
BRDA:229,19,1,0
BRDA:243,20,0,0
BRDA:243,20,1,0
BRDA:260,21,0,0
BRDA:260,21,1,0
BRDA:304,22,0,0
BRDA:304,22,1,0
BRDA:310,23,0,0
BRDA:310,23,1,0
BRDA:310,24,0,0
BRDA:310,24,1,0
BRDA:324,25,0,0
BRDA:324,25,1,0
BRDA:328,26,0,0
BRDA:328,26,1,0
BRDA:331,27,0,0
BRDA:331,27,1,0
BRDA:342,28,0,0
BRDA:342,28,1,0
BRDA:349,29,0,0
BRDA:349,29,1,0
BRDA:506,30,0,0
BRDA:506,30,1,0
BRDA:507,31,0,0
BRDA:507,31,1,0
BRDA:538,32,0,0
BRDA:538,32,1,0
BRDA:545,33,0,0
BRDA:545,33,1,0
BRDA:559,34,0,0
BRDA:559,34,1,0
BRDA:575,35,0,0
BRDA:575,35,1,0
BRDA:605,36,0,0
BRDA:605,36,1,0
BRDA:610,37,0,0
BRDA:610,37,1,0
BRDA:638,38,0,0
BRDA:638,38,1,0
BRDA:639,39,0,0
BRDA:639,39,1,0
BRDA:648,40,0,0
BRDA:648,40,1,0
BRDA:658,41,0,0
BRDA:658,41,1,0
BRDA:660,42,0,0
BRDA:660,42,1,0
BRDA:660,43,0,0
BRDA:660,43,1,0
BRDA:675,44,0,0
BRDA:675,44,1,0
BRDA:695,45,0,0
BRDA:695,45,1,0
BRDA:695,45,2,0
BRDA:750,46,0,0
BRDA:750,46,1,0
BRDA:777,47,0,0
BRDA:777,47,1,0
BRDA:777,48,0,0
BRDA:777,48,1,0
BRDA:783,49,0,0
BRDA:783,49,1,0
BRDA:805,50,0,0
BRDA:805,50,1,0
BRDA:842,51,0,0
BRDA:842,51,1,0
BRDA:847,52,0,0
BRDA:847,52,1,0
BRDA:865,53,0,0
BRDA:865,53,1,0
BRDA:865,53,2,0
BRDA:963,54,0,0
BRDA:963,54,1,0
BRDA:963,55,0,0
BRDA:963,55,1,0
BRDA:963,55,2,0
BRDA:972,56,0,0
BRDA:972,56,1,0
BRDA:1009,57,0,0
BRDA:1009,57,1,0
BRDA:1009,58,0,0
BRDA:1009,58,1,0
BRDA:1009,58,2,0
BRDA:1011,59,0,0
BRDA:1011,59,1,0
BRDA:1026,60,0,0
BRDA:1026,60,1,0
BRDA:1026,61,0,0
BRDA:1026,61,1,0
BRDA:1026,61,2,0
BRF:130
BRH:0
end_of_record
