TN:
SF:server.js
FN:33,(anonymous_0)
FN:60,logRequest
FN:81,handleHealthCheck
FN:113,handleSetup
FN:184,verifyWebhookSecret
FN:225,handleWebhook
FN:269,handleNotFound
FN:294,(anonymous_7)
FN:300,(anonymous_8)
FN:318,(anonymous_9)
FN:360,(anonymous_10)
FN:386,(anonymous_11)
FN:399,(anonymous_12)
FN:409,(anonymous_13)
FN:439,parseBody
FN:440,(anonymous_15)
FN:442,(anonymous_16)
FN:443,(anonymous_17)
FN:456,(anonymous_18)
FN:483,(anonymous_19)
FN:512,(anonymous_20)
FN:517,(anonymous_21)
FN:526,(anonymous_22)
FN:530,(anonymous_23)
FNF:24
FNH:0
FNDA:0,(anonymous_0)
FNDA:0,logRequest
FNDA:0,handleHealthCheck
FNDA:0,handleSetup
FNDA:0,verifyWebhookSecret
FNDA:0,handleWebhook
FNDA:0,handleNotFound
FNDA:0,(anonymous_7)
FNDA:0,(anonymous_8)
FNDA:0,(anonymous_9)
FNDA:0,(anonymous_10)
FNDA:0,(anonymous_11)
FNDA:0,(anonymous_12)
FNDA:0,(anonymous_13)
FNDA:0,parseBody
FNDA:0,(anonymous_15)
FNDA:0,(anonymous_16)
FNDA:0,(anonymous_17)
FNDA:0,(anonymous_18)
FNDA:0,(anonymous_19)
FNDA:0,(anonymous_20)
FNDA:0,(anonymous_21)
FNDA:0,(anonymous_22)
FNDA:0,(anonymous_23)
DA:16,0
DA:17,0
DA:18,0
DA:22,0
DA:24,0
DA:25,0
DA:26,0
DA:29,0
DA:30,0
DA:33,0
DA:34,0
DA:35,0
DA:36,0
DA:37,0
DA:38,0
DA:39,0
DA:40,0
DA:43,0
DA:44,0
DA:46,0
DA:47,0
DA:50,0
DA:51,0
DA:61,0
DA:62,0
DA:65,0
DA:66,0
DA:67,0
DA:70,0
DA:82,0
DA:84,0
DA:85,0
DA:87,0
DA:88,0
DA:114,0
DA:117,0
DA:118,0
DA:119,0
DA:120,0
DA:131,0
DA:134,0
DA:135,0
DA:137,0
DA:138,0
DA:141,0
DA:142,0
DA:143,0
DA:145,0
DA:148,0
DA:150,0
DA:151,0
DA:153,0
DA:154,0
DA:167,0
DA:169,0
DA:170,0
DA:186,0
DA:187,0
DA:190,0
DA:193,0
DA:194,0
DA:195,0
DA:199,0
DA:200,0
DA:201,0
DA:204,0
DA:205,0
DA:206,0
DA:210,0
DA:211,0
DA:212,0
DA:214,0
DA:216,0
DA:217,0
DA:226,0
DA:228,0
DA:230,0
DA:231,0
DA:232,0
DA:233,0
DA:237,0
DA:241,0
DA:242,0
DA:243,0
DA:244,0
DA:245,0
DA:249,0
DA:252,0
DA:253,0
DA:255,0
DA:258,0
DA:259,0
DA:270,0
DA:272,0
DA:273,0
DA:288,0
DA:294,0
DA:295,0
DA:296,0
DA:300,0
DA:301,0
DA:302,0
DA:318,0
DA:319,0
DA:320,0
DA:322,0
DA:323,0
DA:326,0
DA:327,0
DA:328,0
DA:330,0
DA:331,0
DA:333,0
DA:334,0
DA:336,0
DA:349,0
DA:350,0
DA:360,0
DA:361,0
DA:363,0
DA:364,0
DA:365,0
DA:371,0
DA:372,0
DA:373,0
DA:376,0
DA:377,0
DA:379,0
DA:381,0
DA:386,0
DA:387,0
DA:399,0
DA:400,0
DA:401,0
DA:409,0
DA:410,0
DA:411,0
DA:412,0
DA:413,0
DA:414,0
DA:415,0
DA:416,0
DA:417,0
DA:418,0
DA:419,0
DA:420,0
DA:421,0
DA:422,0
DA:423,0
DA:424,0
DA:425,0
DA:426,0
DA:427,0
DA:428,0
DA:436,0
DA:440,0
DA:441,0
DA:442,0
DA:443,0
DA:444,0
DA:445,0
DA:446,0
DA:448,0
DA:451,0
DA:456,0
DA:458,0
DA:459,0
DA:460,0
DA:462,0
DA:463,0
DA:464,0
DA:465,0
DA:470,0
DA:471,0
DA:472,0
DA:473,0
DA:474,0
DA:475,0
DA:477,0
DA:483,0
DA:484,0
DA:485,0
DA:486,0
DA:487,0
DA:488,0
DA:489,0
DA:490,0
DA:491,0
DA:492,0
DA:493,0
DA:494,0
DA:495,0
DA:496,0
DA:497,0
DA:498,0
DA:499,0
DA:500,0
DA:501,0
DA:502,0
DA:503,0
DA:504,0
DA:512,0
DA:513,0
DA:514,0
DA:517,0
DA:518,0
DA:519,0
DA:526,0
DA:527,0
DA:530,0
DA:531,0
DA:532,0
LF:212
LH:0
BRDA:65,0,0,0
BRDA:65,0,1,0
BRDA:65,1,0,0
BRDA:65,1,1,0
BRDA:67,2,0,0
BRDA:67,2,1,0
BRDA:70,3,0,0
BRDA:70,3,1,0
BRDA:85,4,0,0
BRDA:85,4,1,0
BRDA:89,5,0,0
BRDA:89,5,1,0
BRDA:90,6,0,0
BRDA:90,6,1,0
BRDA:101,7,0,0
BRDA:101,7,1,0
BRDA:102,8,0,0
BRDA:102,8,1,0
BRDA:117,9,0,0
BRDA:117,9,1,0
BRDA:142,10,0,0
BRDA:142,10,1,0
BRDA:186,11,0,0
BRDA:186,11,1,0
BRDA:190,12,0,0
BRDA:190,12,1,0
BRDA:193,13,0,0
BRDA:193,13,1,0
BRDA:204,14,0,0
BRDA:204,14,1,0
BRDA:211,15,0,0
BRDA:211,15,1,0
BRDA:230,16,0,0
BRDA:230,16,1,0
BRDA:241,17,0,0
BRDA:241,17,1,0
BRDA:241,18,0,0
BRDA:241,18,1,0
BRDA:288,19,0,0
BRDA:288,19,1,0
BRDA:327,20,0,0
BRDA:327,20,1,0
BRDA:363,21,0,0
BRDA:363,21,1,0
BRDA:371,22,0,0
BRDA:371,22,1,0
BRDA:371,23,0,0
BRDA:371,23,1,0
BRDA:416,24,0,0
BRDA:416,24,1,0
BRDA:417,25,0,0
BRDA:417,25,1,0
BRDA:418,26,0,0
BRDA:418,26,1,0
BRDA:445,27,0,0
BRDA:445,27,1,0
BRDA:458,28,0,0
BRDA:458,28,1,0
BRDA:470,29,0,0
BRDA:470,29,1,0
BRDA:470,30,0,0
BRDA:470,30,1,0
BRDA:472,31,0,0
BRDA:472,31,1,0
BRDA:472,32,0,0
BRDA:472,32,1,0
BRDA:474,33,0,0
BRDA:474,33,1,0
BRDA:474,34,0,0
BRDA:474,34,1,0
BRDA:490,35,0,0
BRDA:490,35,1,0
BRDA:491,36,0,0
BRDA:491,36,1,0
BRDA:492,37,0,0
BRDA:492,37,1,0
BRF:76
BRH:0
end_of_record
TN:
SF:src/claude-integration.js
FN:21,(anonymous_0)
FN:41,(anonymous_1)
FN:203,(anonymous_2)
FN:220,(anonymous_3)
FN:225,(anonymous_4)
FN:249,(anonymous_5)
FN:370,(anonymous_6)
FN:417,(anonymous_7)
FN:423,(anonymous_8)
FN:467,(anonymous_9)
FN:542,(anonymous_10)
FN:587,(anonymous_11)
FN:593,(anonymous_12)
FN:630,(anonymous_13)
FN:659,(anonymous_14)
FN:679,(anonymous_15)
FNF:16
FNH:3
FNDA:28,(anonymous_0)
FNDA:224,(anonymous_1)
FNDA:1,(anonymous_2)
FNDA:0,(anonymous_3)
FNDA:0,(anonymous_4)
FNDA:0,(anonymous_5)
FNDA:0,(anonymous_6)
FNDA:0,(anonymous_7)
FNDA:0,(anonymous_8)
FNDA:0,(anonymous_9)
FNDA:0,(anonymous_10)
FNDA:0,(anonymous_11)
FNDA:0,(anonymous_12)
FNDA:0,(anonymous_13)
FNDA:0,(anonymous_14)
FNDA:0,(anonymous_15)
DA:2,1
DA:3,1
DA:4,1
DA:21,1
DA:22,28
DA:23,0
DA:27,28
DA:40,28
DA:41,28
DA:42,224
DA:46,28
DA:49,28
DA:71,1
DA:157,1
DA:204,1
DA:205,1
DA:206,1
DA:207,1
DA:208,1
DA:211,1
DA:212,1
DA:213,1
DA:221,0
DA:222,0
DA:225,0
DA:228,0
DA:229,0
DA:230,0
DA:231,0
DA:232,0
DA:236,0
DA:237,0
DA:250,0
DA:253,0
DA:257,0
DA:264,0
DA:266,0
DA:268,0
DA:269,0
DA:270,0
DA:271,0
DA:273,0
DA:274,0
DA:277,0
DA:291,0
DA:297,0
DA:300,0
DA:303,0
DA:304,0
DA:306,0
DA:308,0
DA:311,0
DA:320,0
DA:339,0
DA:347,0
DA:348,0
DA:354,0
DA:370,0
DA:371,0
DA:372,0
DA:373,0
DA:376,0
DA:377,0
DA:379,0
DA:382,0
DA:383,0
DA:385,0
DA:386,0
DA:395,0
DA:396,0
DA:397,0
DA:398,0
DA:407,0
DA:416,0
DA:417,0
DA:420,0
DA:421,0
DA:423,0
DA:424,0
DA:428,0
DA:436,0
DA:437,0
DA:446,0
DA:449,0
DA:450,0
DA:451,0
DA:452,0
DA:454,0
DA:468,0
DA:469,0
DA:472,0
DA:474,0
DA:476,0
DA:519,0
DA:520,0
DA:526,0
DA:542,0
DA:543,0
DA:544,0
DA:545,0
DA:548,0
DA:549,0
DA:551,0
DA:554,0
DA:555,0
DA:557,0
DA:558,0
DA:566,0
DA:567,0
DA:568,0
DA:569,0
DA:577,0
DA:586,0
DA:587,0
DA:590,0
DA:591,0
DA:593,0
DA:594,0
DA:598,0
DA:604,0
DA:611,0
DA:613,0
DA:614,0
DA:615,0
DA:616,0
DA:618,0
DA:632,0
DA:633,0
DA:634,0
DA:644,0
DA:660,0
DA:664,0
DA:680,0
DA:683,0
DA:684,0
DA:685,0
DA:689,0
DA:690,0
DA:691,0
DA:692,0
DA:697,0
DA:698,0
DA:702,0
DA:703,0
DA:704,0
DA:708,0
DA:745,0
DA:746,0
DA:747,0
DA:750,0
DA:751,0
DA:752,0
DA:756,0
DA:757,0
DA:758,0
DA:759,0
DA:762,0
DA:763,0
DA:766,0
DA:767,0
DA:774,0
DA:775,0
DA:778,0
DA:779,0
DA:782,0
DA:783,0
DA:787,0
DA:788,0
DA:791,0
DA:792,0
DA:795,0
DA:803,1
DA:807,1
DA:809,1
LF:174
LH:24
BRDA:22,0,0,0
BRDA:22,0,1,28
BRDA:205,1,0,1
BRDA:205,1,1,0
BRDA:206,2,0,1
BRDA:206,2,1,1
BRDA:208,3,0,1
BRDA:208,3,1,1
BRDA:228,4,0,0
BRDA:228,4,1,0
BRDA:249,5,0,0
BRDA:268,6,0,0
BRDA:268,6,1,0
BRDA:273,7,0,0
BRDA:273,7,1,0
BRDA:306,8,0,0
BRDA:306,8,1,0
BRDA:306,9,0,0
BRDA:306,9,1,0
BRDA:347,10,0,0
BRDA:347,10,1,0
BRDA:371,11,0,0
BRDA:371,11,1,0
BRDA:371,12,0,0
BRDA:371,12,1,0
BRDA:379,13,0,0
BRDA:379,13,1,0
BRDA:396,14,0,0
BRDA:396,14,1,0
BRDA:420,15,0,0
BRDA:420,15,1,0
BRDA:446,16,0,0
BRDA:446,16,1,0
BRDA:449,17,0,0
BRDA:449,17,1,0
BRDA:451,18,0,0
BRDA:451,18,1,0
BRDA:519,19,0,0
BRDA:519,19,1,0
BRDA:543,20,0,0
BRDA:543,20,1,0
BRDA:543,21,0,0
BRDA:543,21,1,0
BRDA:551,22,0,0
BRDA:551,22,1,0
BRDA:567,23,0,0
BRDA:567,23,1,0
BRDA:590,24,0,0
BRDA:590,24,1,0
BRDA:611,25,0,0
BRDA:611,25,1,0
BRDA:613,26,0,0
BRDA:613,26,1,0
BRDA:615,27,0,0
BRDA:615,27,1,0
BRDA:630,28,0,0
BRDA:632,29,0,0
BRDA:632,29,1,0
BRDA:659,30,0,0
BRDA:660,31,0,0
BRDA:660,31,1,0
BRDA:683,32,0,0
BRDA:683,32,1,0
BRDA:683,33,0,0
BRDA:683,33,1,0
BRDA:683,33,2,0
BRDA:691,34,0,0
BRDA:691,34,1,0
BRDA:697,35,0,0
BRDA:697,35,1,0
BRDA:697,36,0,0
BRDA:697,36,1,0
BRDA:702,37,0,0
BRDA:702,37,1,0
BRDA:702,38,0,0
BRDA:702,38,1,0
BRDA:702,38,2,0
BRDA:746,39,0,0
BRDA:746,39,1,0
BRDA:750,40,0,0
BRDA:750,40,1,0
BRDA:756,41,0,0
BRDA:756,41,1,0
BRDA:757,42,0,0
BRDA:757,42,1,0
BRDA:757,43,0,0
BRDA:757,43,1,0
BRDA:762,44,0,0
BRDA:762,44,1,0
BRDA:766,45,0,0
BRDA:766,45,1,0
BRDA:774,46,0,0
BRDA:774,46,1,0
BRDA:774,47,0,0
BRDA:774,47,1,0
BRDA:778,48,0,0
BRDA:778,48,1,0
BRDA:778,49,0,0
BRDA:778,49,1,0
BRDA:782,50,0,0
BRDA:782,50,1,0
BRDA:782,51,0,0
BRDA:782,51,1,0
BRDA:787,52,0,0
BRDA:787,52,1,0
BRDA:791,53,0,0
BRDA:791,53,1,0
BRF:107
BRH:6
end_of_record
TN:
SF:src/config.js
FN:17,validateConfig
FN:26,(anonymous_1)
FN:27,(anonymous_2)
FN:316,(anonymous_3)
FN:316,(anonymous_4)
FNF:5
FNH:0
FNDA:0,validateConfig
FNDA:0,(anonymous_1)
FNDA:0,(anonymous_2)
FNDA:0,(anonymous_3)
FNDA:0,(anonymous_4)
DA:10,0
DA:18,0
DA:24,0
DA:26,0
DA:27,0
DA:28,0
DA:29,0
DA:35,0
DA:36,0
DA:37,0
DA:38,0
DA:40,0
DA:41,0
DA:42,0
DA:43,0
DA:44,0
DA:45,0
DA:46,0
DA:47,0
DA:48,0
DA:49,0
DA:50,0
DA:51,0
DA:52,0
DA:53,0
DA:56,0
DA:60,0
DA:61,0
DA:62,0
DA:66,0
DA:67,0
DA:68,0
DA:69,0
DA:70,0
DA:71,0
DA:72,0
DA:73,0
DA:74,0
DA:75,0
DA:76,0
DA:77,0
DA:78,0
DA:83,0
DA:84,0
DA:85,0
DA:86,0
DA:87,0
DA:88,0
DA:89,0
DA:90,0
DA:91,0
DA:94,0
DA:95,0
DA:106,0
DA:247,0
DA:306,0
DA:316,0
DA:364,0
DA:365,0
DA:366,0
DA:367,0
DA:368,0
DA:369,0
DA:371,0
DA:372,0
DA:373,0
DA:375,0
DA:376,0
DA:377,0
DA:378,0
DA:379,0
DA:380,0
DA:381,0
DA:382,0
DA:384,0
DA:385,0
DA:386,0
DA:388,0
DA:392,0
LF:79
LH:0
BRDA:28,0,0,0
BRDA:28,0,1,0
BRDA:35,1,0,0
BRDA:35,1,1,0
BRDA:36,2,0,0
BRDA:36,2,1,0
BRDA:38,3,0,0
BRDA:38,3,1,0
BRDA:60,4,0,0
BRDA:60,4,1,0
BRDA:66,5,0,0
BRDA:66,5,1,0
BRDA:83,6,0,0
BRDA:83,6,1,0
BRDA:83,7,0,0
BRDA:83,7,1,0
BRDA:94,8,0,0
BRDA:94,8,1,0
BRDA:310,9,0,0
BRDA:310,9,1,0
BRDA:311,10,0,0
BRDA:311,10,1,0
BRDA:315,11,0,0
BRDA:315,11,1,0
BRDA:319,12,0,0
BRDA:319,12,1,0
BRDA:325,13,0,0
BRDA:325,13,1,0
BRDA:326,14,0,0
BRDA:326,14,1,0
BRDA:331,15,0,0
BRDA:331,15,1,0
BRDA:338,16,0,0
BRDA:338,16,1,0
BRDA:339,17,0,0
BRDA:339,17,1,0
BRDA:340,18,0,0
BRDA:340,18,1,0
BRDA:345,19,0,0
BRDA:345,19,1,0
BRDA:346,20,0,0
BRDA:346,20,1,0
BRDA:357,21,0,0
BRDA:357,21,1,0
BRDA:358,22,0,0
BRDA:358,22,1,0
BRDA:359,23,0,0
BRDA:359,23,1,0
BRDA:365,24,0,0
BRDA:365,24,1,0
BRDA:366,25,0,0
BRDA:366,25,1,0
BRDA:367,26,0,0
BRDA:367,26,1,0
BRDA:384,27,0,0
BRDA:384,27,1,0
BRF:56
BRH:0
end_of_record
TN:
SF:src/conversation-manager.js
FN:29,(anonymous_0)
FN:75,(anonymous_1)
FN:101,(anonymous_2)
FN:118,(anonymous_3)
FN:147,(anonymous_4)
FN:174,(anonymous_5)
FN:187,(anonymous_6)
FN:225,(anonymous_7)
FN:278,(anonymous_8)
FN:309,(anonymous_9)
FN:319,(anonymous_10)
FN:330,(anonymous_11)
FN:331,(anonymous_12)
FN:340,(anonymous_13)
FN:360,(anonymous_14)
FN:393,(anonymous_15)
FN:395,(anonymous_16)
FN:398,(anonymous_17)
FNF:18
FNH:15
FNDA:2,(anonymous_0)
FNDA:72,(anonymous_1)
FNDA:39,(anonymous_2)
FNDA:24,(anonymous_3)
FNDA:106,(anonymous_4)
FNDA:0,(anonymous_5)
FNDA:0,(anonymous_6)
FNDA:106,(anonymous_7)
FNDA:2,(anonymous_8)
FNDA:47,(anonymous_9)
FNDA:6,(anonymous_10)
FNDA:2,(anonymous_11)
FNDA:0,(anonymous_12)
FNDA:4,(anonymous_13)
FNDA:4,(anonymous_14)
FNDA:8,(anonymous_15)
FNDA:10,(anonymous_16)
FNDA:58,(anonymous_17)
DA:25,2
DA:26,2
DA:32,2
DA:36,2
DA:40,2
DA:43,2
DA:46,2
DA:49,2
DA:50,2
DA:54,2
DA:55,2
DA:56,2
DA:58,0
DA:59,0
DA:63,2
DA:76,72
DA:77,72
DA:80,72
DA:83,72
DA:84,8
DA:85,8
DA:91,64
DA:92,64
DA:93,64
DA:102,39
DA:103,39
DA:105,39
DA:106,38
DA:108,1
DA:119,24
DA:120,24
DA:122,24
DA:123,9
DA:127,15
DA:128,15
DA:130,3
DA:131,3
DA:132,3
DA:135,12
DA:148,106
DA:149,0
DA:153,106
DA:154,106
DA:155,106
DA:156,106
DA:158,0
DA:165,0
DA:175,0
DA:176,0
DA:188,0
DA:189,0
DA:191,0
DA:193,0
DA:196,0
DA:200,0
DA:202,0
DA:203,0
DA:205,0
DA:211,0
DA:226,106
DA:229,106
DA:234,106
DA:237,106
DA:238,2
DA:239,2
DA:243,106
DA:244,62
DA:245,62
DA:248,106
DA:251,106
DA:259,106
DA:260,106
DA:262,106
DA:268,106
DA:269,0
DA:270,0
DA:279,2
DA:280,2
DA:282,2
DA:283,6
DA:284,1
DA:285,1
DA:288,5
DA:289,5
DA:291,5
DA:292,2
DA:293,2
DA:297,1
DA:298,1
DA:299,1
DA:310,47
DA:311,47
DA:320,6
DA:321,6
DA:322,6
DA:323,6
DA:331,2
DA:332,0
DA:333,0
DA:341,4
DA:342,4
DA:344,4
DA:345,6
DA:346,5
DA:347,5
DA:348,5
DA:352,4
DA:353,3
DA:361,4
DA:362,4
DA:363,4
DA:365,4
DA:366,8
DA:367,1
DA:368,1
DA:369,1
DA:373,7
DA:374,7
DA:376,7
DA:377,6
DA:378,6
DA:379,6
DA:383,4
DA:384,3
DA:394,8
DA:395,10
DA:397,8
DA:398,58
DA:401,8
DA:406,8
DA:410,8
DA:426,2
LF:132
LH:111
BRDA:83,0,0,8
BRDA:83,0,1,64
BRDA:83,1,0,72
BRDA:83,1,1,8
BRDA:105,2,0,38
BRDA:105,2,1,1
BRDA:122,3,0,9
BRDA:122,3,1,15
BRDA:128,4,0,3
BRDA:128,4,1,12
BRDA:148,5,0,0
BRDA:148,5,1,106
BRDA:148,6,0,106
BRDA:148,6,1,106
BRDA:153,7,0,106
BRDA:153,7,1,0
BRDA:176,8,0,0
BRDA:176,8,1,0
BRDA:191,9,0,0
BRDA:191,9,1,0
BRDA:191,10,0,0
BRDA:191,10,1,0
BRDA:196,11,0,0
BRDA:196,11,1,0
BRDA:200,12,0,0
BRDA:200,12,1,0
BRDA:203,13,0,0
BRDA:203,13,1,0
BRDA:225,14,0,105
BRDA:229,15,0,88
BRDA:229,15,1,18
BRDA:229,16,0,106
BRDA:229,16,1,89
BRDA:237,17,0,2
BRDA:237,17,1,104
BRDA:237,18,0,106
BRDA:237,18,1,62
BRDA:243,19,0,62
BRDA:243,19,1,44
BRDA:259,20,0,106
BRDA:259,20,1,62
BRDA:268,21,0,0
BRDA:268,21,1,106
BRDA:283,22,0,1
BRDA:283,22,1,5
BRDA:291,23,0,2
BRDA:291,23,1,3
BRDA:297,24,0,1
BRDA:297,24,1,0
BRDA:311,25,0,47
BRDA:311,25,1,6
BRDA:345,26,0,5
BRDA:345,26,1,1
BRDA:352,27,0,3
BRDA:352,27,1,1
BRDA:366,28,0,1
BRDA:366,28,1,7
BRDA:376,29,0,6
BRDA:376,29,1,1
BRDA:383,30,0,3
BRDA:383,30,1,1
BRDA:401,31,0,5
BRDA:401,31,1,3
BRDA:406,32,0,5
BRDA:406,32,1,3
BRF:65
BRH:49
end_of_record
TN:
SF:src/github-integration.js
FN:20,(anonymous_0)
FN:55,(anonymous_1)
FN:64,(anonymous_2)
FN:69,(anonymous_3)
FN:93,(anonymous_4)
FN:115,(anonymous_5)
FN:185,(anonymous_6)
FN:216,(anonymous_7)
FN:262,(anonymous_8)
FN:276,(anonymous_9)
FN:404,(anonymous_10)
FN:438,(anonymous_11)
FN:458,(anonymous_12)
FN:483,(anonymous_13)
FN:510,(anonymous_14)
FN:541,(anonymous_15)
FN:573,(anonymous_16)
FNF:17
FNH:1
FNDA:1,(anonymous_0)
FNDA:0,(anonymous_1)
FNDA:0,(anonymous_2)
FNDA:0,(anonymous_3)
FNDA:0,(anonymous_4)
FNDA:0,(anonymous_5)
FNDA:0,(anonymous_6)
FNDA:0,(anonymous_7)
FNDA:0,(anonymous_8)
FNDA:0,(anonymous_9)
FNDA:0,(anonymous_10)
FNDA:0,(anonymous_11)
FNDA:0,(anonymous_12)
FNDA:0,(anonymous_13)
FNDA:0,(anonymous_14)
FNDA:0,(anonymous_15)
FNDA:0,(anonymous_16)
DA:2,1
DA:3,1
DA:4,1
DA:21,1
DA:22,1
DA:23,1
DA:24,1
DA:25,1
DA:28,1
DA:29,1
DA:30,1
DA:33,1
DA:34,1
DA:35,1
DA:36,1
DA:39,1
DA:40,0
DA:42,1
DA:43,0
DA:56,0
DA:57,0
DA:65,0
DA:66,0
DA:69,0
DA:72,0
DA:73,0
DA:74,0
DA:75,0
DA:76,0
DA:80,0
DA:81,0
DA:94,0
DA:95,0
DA:96,0
DA:116,0
DA:117,0
DA:119,0
DA:121,0
DA:124,0
DA:136,0
DA:137,0
DA:139,0
DA:146,0
DA:148,0
DA:149,0
DA:161,0
DA:167,0
DA:186,0
DA:187,0
DA:189,0
DA:190,0
DA:191,0
DA:194,0
DA:195,0
DA:198,0
DA:200,0
DA:203,0
DA:204,0
DA:208,0
DA:209,0
DA:210,0
DA:213,0
DA:216,0
DA:219,0
DA:227,0
DA:263,0
DA:265,0
DA:266,0
DA:268,0
DA:269,0
DA:273,0
DA:276,0
DA:278,0
DA:281,0
DA:298,0
DA:301,0
DA:309,0
DA:310,0
DA:312,0
DA:319,0
DA:320,0
DA:324,0
DA:326,0
DA:334,0
DA:340,0
DA:346,0
DA:353,0
DA:361,0
DA:362,0
DA:363,0
DA:364,0
DA:365,0
DA:367,0
DA:369,0
DA:405,0
DA:406,0
DA:407,0
DA:410,0
DA:411,0
DA:415,0
DA:438,0
DA:440,0
DA:441,0
DA:442,0
DA:443,0
DA:445,0
DA:446,0
DA:450,0
DA:451,0
DA:452,0
DA:456,0
DA:458,0
DA:459,0
DA:461,0
DA:464,0
DA:465,0
DA:466,0
DA:467,0
DA:468,0
DA:469,0
DA:470,0
DA:471,0
DA:472,0
DA:473,0
DA:474,0
DA:475,0
DA:476,0
DA:477,0
DA:478,0
DA:483,0
DA:484,0
DA:485,0
DA:489,0
DA:491,0
DA:495,0
DA:511,0
DA:538,0
DA:539,0
DA:541,0
DA:542,0
DA:543,0
DA:546,0
DA:547,0
DA:548,0
DA:550,0
DA:554,0
DA:555,0
DA:559,0
DA:560,0
DA:563,0
DA:574,0
DA:598,1
LF:152
LH:18
BRDA:39,0,0,0
BRDA:39,0,1,1
BRDA:42,1,0,0
BRDA:42,1,1,1
BRDA:42,2,0,1
BRDA:42,2,1,1
BRDA:72,3,0,0
BRDA:72,3,1,0
BRDA:93,4,0,0
BRDA:94,5,0,0
BRDA:94,5,1,0
BRDA:115,6,0,0
BRDA:146,7,0,0
BRDA:146,7,1,0
BRDA:148,8,0,0
BRDA:148,8,1,0
BRDA:194,9,0,0
BRDA:194,9,1,0
BRDA:203,10,0,0
BRDA:203,10,1,0
BRDA:208,11,0,0
BRDA:208,11,1,0
BRDA:262,12,0,0
BRDA:262,13,0,0
BRDA:262,14,0,0
BRDA:265,15,0,0
BRDA:265,15,1,0
BRDA:268,16,0,0
BRDA:268,16,1,0
BRDA:273,17,0,0
BRDA:273,17,1,0
BRDA:288,18,0,0
BRDA:288,18,1,0
BRDA:289,19,0,0
BRDA:289,19,1,0
BRDA:290,20,0,0
BRDA:290,20,1,0
BRDA:294,21,0,0
BRDA:294,21,1,0
BRDA:319,22,0,0
BRDA:319,22,1,0
BRDA:361,23,0,0
BRDA:361,23,1,0
BRDA:363,24,0,0
BRDA:363,24,1,0
BRDA:365,25,0,0
BRDA:365,25,1,0
BRDA:404,26,0,0
BRDA:404,27,0,0
BRDA:407,28,0,0
BRDA:407,28,1,0
BRDA:410,29,0,0
BRDA:410,29,1,0
BRDA:410,30,0,0
BRDA:410,30,1,0
BRDA:440,31,0,0
BRDA:440,31,1,0
BRDA:441,32,0,0
BRDA:441,32,1,0
BRDA:445,33,0,0
BRDA:445,33,1,0
BRDA:450,34,0,0
BRDA:450,34,1,0
BRDA:450,35,0,0
BRDA:450,35,1,0
BRDA:461,36,0,0
BRDA:461,36,1,0
BRDA:464,37,0,0
BRDA:464,37,1,0
BRDA:465,38,0,0
BRDA:465,38,1,0
BRDA:466,39,0,0
BRDA:466,39,1,0
BRDA:467,40,0,0
BRDA:467,40,1,0
BRDA:468,41,0,0
BRDA:468,41,1,0
BRDA:469,42,0,0
BRDA:469,42,1,0
BRDA:470,43,0,0
BRDA:470,43,1,0
BRDA:471,44,0,0
BRDA:471,44,1,0
BRDA:472,45,0,0
BRDA:472,45,1,0
BRDA:473,46,0,0
BRDA:473,46,1,0
BRDA:474,47,0,0
BRDA:474,47,1,0
BRDA:475,48,0,0
BRDA:475,48,1,0
BRDA:476,49,0,0
BRDA:476,49,1,0
BRDA:477,50,0,0
BRDA:477,50,1,0
BRDA:478,51,0,0
BRDA:478,51,1,0
BRDA:484,52,0,0
BRDA:484,52,1,0
BRDA:484,53,0,0
BRDA:484,53,1,0
BRDA:484,53,2,0
BRDA:495,54,0,0
BRDA:495,54,1,0
BRDA:542,55,0,0
BRDA:542,55,1,0
BRDA:546,56,0,0
BRDA:546,56,1,0
BRDA:546,57,0,0
BRDA:546,57,1,0
BRDA:559,58,0,0
BRDA:559,58,1,0
BRF:112
BRH:4
end_of_record
TN:
SF:src/response-handler.js
FN:25,detectResponseType
FN:77,(anonymous_1)
FN:94,extractJSON
FN:113,extractConversationalText
FN:132,formatResponse
FN:190,isClarification
FN:204,(anonymous_6)
FN:212,isQuestion
FN:223,(anonymous_8)
FN:231,isFoodLogging
FN:240,(anonymous_10)
FN:249,detectIntent
FNF:12
FNH:12
FNDA:28,detectResponseType
FNDA:34,(anonymous_1)
FNDA:14,extractJSON
FNDA:11,extractConversationalText
FNDA:8,formatResponse
FNDA:27,isClarification
FNDA:139,(anonymous_6)
FNDA:46,isQuestion
FNDA:182,(anonymous_8)
FNDA:47,isFoodLogging
FNDA:149,(anonymous_10)
FNDA:32,detectIntent
DA:13,2
DA:26,28
DA:27,7
DA:36,21
DA:37,21
DA:40,21
DA:41,21
DA:42,10
DA:45,21
DA:48,21
DA:49,5
DA:57,16
DA:58,5
DA:67,11
DA:77,11
DA:78,34
DA:81,11
DA:95,14
DA:96,14
DA:97,14
DA:98,3
DA:101,11
DA:103,1
DA:104,1
DA:114,11
DA:117,9
DA:120,9
DA:122,9
DA:133,8
DA:136,2
DA:146,2
DA:147,2
DA:157,2
DA:166,1
DA:175,1
DA:191,27
DA:204,139
DA:213,46
DA:223,182
DA:232,47
DA:240,149
DA:250,32
DA:251,4
DA:254,28
DA:257,28
DA:258,7
DA:262,21
DA:263,6
DA:267,15
DA:268,8
DA:272,7
DA:275,2
LF:52
LH:52
BRDA:26,0,0,7
BRDA:26,0,1,21
BRDA:26,1,0,28
BRDA:26,1,1,22
BRDA:41,2,0,10
BRDA:41,2,1,11
BRDA:48,3,0,5
BRDA:48,3,1,16
BRDA:48,4,0,21
BRDA:48,4,1,10
BRDA:57,5,0,5
BRDA:57,5,1,11
BRDA:57,6,0,16
BRDA:57,6,1,5
BRDA:85,7,0,9
BRDA:85,7,1,2
BRDA:97,8,0,3
BRDA:97,8,1,11
BRDA:97,9,0,14
BRDA:97,9,1,11
BRDA:114,10,0,2
BRDA:114,10,1,9
BRDA:132,11,0,4
BRDA:133,12,0,2
BRDA:133,12,1,2
BRDA:133,12,2,2
BRDA:133,12,3,1
BRDA:133,12,4,1
BRDA:249,13,0,0
BRDA:250,14,0,4
BRDA:250,14,1,28
BRDA:250,15,0,32
BRDA:250,15,1,29
BRDA:257,16,0,7
BRDA:257,16,1,21
BRDA:257,17,0,28
BRDA:257,17,1,8
BRDA:262,18,0,6
BRDA:262,18,1,15
BRDA:267,19,0,8
BRDA:267,19,1,7
BRF:41
BRH:40
end_of_record
TN:
SF:src/test-fixes.js
FNF:0
FNH:0
DA:6,0
DA:7,0
DA:9,0
DA:10,0
DA:11,0
DA:14,0
DA:15,0
DA:16,0
DA:18,0
DA:19,0
DA:23,0
DA:24,0
DA:31,0
DA:32,0
DA:33,0
DA:34,0
DA:35,0
DA:37,0
DA:38,0
DA:42,0
DA:43,0
DA:45,0
DA:49,0
DA:50,0
DA:53,0
DA:54,0
DA:56,0
DA:57,0
DA:61,0
DA:62,0
DA:64,0
DA:65,0
DA:69,0
DA:70,0
DA:73,0
DA:74,0
DA:75,0
DA:77,0
DA:78,0
DA:81,0
DA:84,0
DA:85,0
DA:86,0
DA:88,0
DA:89,0
DA:91,0
DA:92,0
DA:94,0
DA:95,0
DA:96,0
DA:97,0
DA:99,0
DA:100,0
DA:101,0
DA:104,0
DA:105,0
DA:108,0
DA:109,0
DA:112,0
DA:113,0
DA:114,0
DA:116,0
DA:117,0
DA:118,0
DA:119,0
DA:121,0
DA:122,0
DA:123,0
DA:124,0
DA:127,0
DA:130,0
DA:131,0
DA:132,0
DA:133,0
DA:134,0
DA:135,0
DA:136,0
DA:137,0
DA:138,0
DA:139,0
DA:142,0
DA:143,0
DA:144,0
DA:145,0
DA:146,0
DA:147,0
LF:86
LH:0
BRDA:15,0,0,0
BRDA:15,0,1,0
BRDA:34,1,0,0
BRDA:34,1,1,0
BRDA:42,2,0,0
BRDA:42,2,1,0
BRDA:53,3,0,0
BRDA:53,3,1,0
BRDA:61,4,0,0
BRDA:61,4,1,0
BRDA:73,5,0,0
BRDA:73,5,1,0
BRDA:91,6,0,0
BRDA:91,6,1,0
BRDA:94,7,0,0
BRDA:94,7,1,0
BRDA:94,8,0,0
BRDA:94,8,1,0
BRDA:116,9,0,0
BRDA:116,9,1,0
BRF:20
BRH:0
end_of_record
TN:
SF:src/test-token-counting.js
FN:16,generateMessage
FN:23,logTest
FN:32,runTests
FN:287,(anonymous_3)
FNF:4
FNH:0
FNDA:0,generateMessage
FNDA:0,logTest
FNDA:0,runTests
FNDA:0,(anonymous_3)
DA:13,0
DA:18,0
DA:19,0
DA:24,0
DA:25,0
DA:26,0
DA:27,0
DA:33,0
DA:34,0
DA:35,0
DA:37,0
DA:38,0
DA:41,0
DA:42,0
DA:43,0
DA:44,0
DA:45,0
DA:47,0
DA:53,0
DA:54,0
DA:56,0
DA:57,0
DA:61,0
DA:62,0
DA:63,0
DA:64,0
DA:65,0
DA:67,0
DA:73,0
DA:74,0
DA:76,0
DA:77,0
DA:81,0
DA:82,0
DA:83,0
DA:84,0
DA:86,0
DA:87,0
DA:89,0
DA:90,0
DA:92,0
DA:93,0
DA:95,0
DA:97,0
DA:103,0
DA:104,0
DA:106,0
DA:107,0
DA:111,0
DA:112,0
DA:113,0
DA:114,0
DA:118,0
DA:119,0
DA:120,0
DA:123,0
DA:124,0
DA:126,0
DA:128,0
DA:134,0
DA:135,0
DA:137,0
DA:138,0
DA:142,0
DA:143,0
DA:144,0
DA:145,0
DA:149,0
DA:150,0
DA:151,0
DA:154,0
DA:155,0
DA:158,0
DA:160,0
DA:166,0
DA:167,0
DA:169,0
DA:170,0
DA:174,0
DA:175,0
DA:176,0
DA:179,0
DA:185,0
DA:191,0
DA:192,0
DA:194,0
DA:195,0
DA:199,0
DA:200,0
DA:201,0
DA:202,0
DA:205,0
DA:206,0
DA:210,0
DA:211,0
DA:213,0
DA:217,0
DA:218,0
DA:220,0
DA:226,0
DA:227,0
DA:229,0
DA:230,0
DA:234,0
DA:235,0
DA:236,0
DA:237,0
DA:240,0
DA:241,0
DA:243,0
DA:246,0
DA:248,0
DA:249,0
DA:251,0
DA:253,0
DA:259,0
DA:260,0
DA:262,0
DA:263,0
DA:267,0
DA:268,0
DA:269,0
DA:270,0
DA:271,0
DA:272,0
DA:274,0
DA:275,0
DA:277,0
DA:279,0
DA:282,0
DA:283,0
DA:287,0
DA:288,0
DA:289,0
LF:134
LH:0
BRDA:23,0,0,0
BRDA:24,1,0,0
BRDA:24,1,1,0
BRDA:26,2,0,0
BRDA:26,2,1,0
BRDA:53,3,0,0
BRDA:53,3,1,0
BRDA:65,4,0,0
BRDA:65,4,1,0
BRDA:73,5,0,0
BRDA:73,5,1,0
BRDA:95,6,0,0
BRDA:95,6,1,0
BRDA:103,7,0,0
BRDA:103,7,1,0
BRDA:134,8,0,0
BRDA:134,8,1,0
BRDA:166,9,0,0
BRDA:166,9,1,0
BRDA:179,10,0,0
BRDA:179,10,1,0
BRDA:179,10,2,0
BRDA:179,10,3,0
BRDA:179,10,4,0
BRDA:191,11,0,0
BRDA:191,11,1,0
BRDA:218,12,0,0
BRDA:218,12,1,0
BRDA:226,13,0,0
BRDA:226,13,1,0
BRDA:251,14,0,0
BRDA:251,14,1,0
BRDA:251,14,2,0
BRDA:259,15,0,0
BRDA:259,15,1,0
BRDA:274,16,0,0
BRDA:274,16,1,0
BRF:37
BRH:0
end_of_record
TN:
SF:src/usda-api.js
FN:31,(anonymous_0)
FN:45,(anonymous_1)
FN:50,(anonymous_2)
FN:71,(anonymous_3)
FN:98,(anonymous_4)
FN:128,(anonymous_5)
FN:159,(anonymous_6)
FN:187,(anonymous_7)
FN:224,(anonymous_8)
FNF:9
FNH:1
FNDA:1,(anonymous_0)
FNDA:0,(anonymous_1)
FNDA:0,(anonymous_2)
FNDA:0,(anonymous_3)
FNDA:0,(anonymous_4)
FNDA:0,(anonymous_5)
FNDA:0,(anonymous_6)
FNDA:0,(anonymous_7)
FNDA:0,(anonymous_8)
DA:2,1
DA:3,1
DA:15,1
DA:16,1
DA:23,1
DA:27,1
DA:28,1
DA:32,1
DA:33,1
DA:36,1
DA:37,1
DA:38,1
DA:46,0
DA:47,0
DA:50,0
DA:53,0
DA:54,0
DA:55,0
DA:56,0
DA:57,0
DA:61,0
DA:62,0
DA:72,0
DA:74,0
DA:76,0
DA:86,0
DA:88,0
DA:89,0
DA:99,0
DA:101,0
DA:103,0
DA:111,0
DA:112,0
DA:115,0
DA:117,0
DA:118,0
DA:129,0
DA:132,0
DA:158,0
DA:159,0
DA:160,0
DA:161,0
DA:163,0
DA:166,0
DA:167,0
DA:168,0
DA:169,0
DA:171,0
DA:178,0
DA:187,0
DA:188,0
DA:189,0
DA:195,0
DA:196,0
DA:202,0
DA:211,0
DA:212,0
DA:213,0
DA:216,0
DA:226,0
DA:227,0
DA:229,0
DA:230,0
DA:231,0
DA:234,0
DA:235,0
DA:237,0
DA:238,0
DA:242,0
DA:243,0
DA:244,0
DA:245,0
DA:247,0
DA:251,0
DA:252,0
DA:253,0
DA:258,0
DA:259,0
DA:260,0
DA:264,0
DA:266,0
DA:267,0
DA:274,0
DA:276,0
DA:277,0
DA:278,0
DA:280,0
DA:291,0
DA:292,0
DA:300,1
LF:90
LH:13
BRDA:53,0,0,0
BRDA:53,0,1,0
BRDA:71,1,0,0
BRDA:86,2,0,0
BRDA:86,2,1,0
BRDA:111,3,0,0
BRDA:111,3,1,0
BRDA:111,4,0,0
BRDA:111,4,1,0
BRDA:111,4,2,0
BRDA:128,5,0,0
BRDA:158,6,0,0
BRDA:158,6,1,0
BRDA:161,7,0,0
BRDA:161,7,1,0
BRDA:163,8,0,0
BRDA:163,8,1,0
BRDA:166,9,0,0
BRDA:166,9,1,0
BRDA:168,10,0,0
BRDA:168,10,1,0
BRDA:168,11,0,0
BRDA:168,11,1,0
BRDA:188,12,0,0
BRDA:188,12,1,0
BRDA:195,13,0,0
BRDA:195,13,1,0
BRDA:211,14,0,0
BRDA:211,14,1,0
BRDA:211,15,0,0
BRDA:211,15,1,0
BRDA:229,16,0,0
BRDA:229,16,1,0
BRDA:237,17,0,0
BRDA:237,17,1,0
BRDA:237,18,0,0
BRDA:237,18,1,0
BRDA:237,18,2,0
BRDA:242,19,0,0
BRDA:242,19,1,0
BRDA:244,20,0,0
BRDA:244,20,1,0
BRDA:244,21,0,0
BRDA:244,21,1,0
BRDA:252,22,0,0
BRDA:252,22,1,0
BRDA:259,23,0,0
BRDA:259,23,1,0
BRDA:266,24,0,0
BRDA:266,24,1,0
BRF:50
BRH:0
end_of_record
TN:
SF:src/webhook.js
FN:68,(anonymous_0)
FN:97,(anonymous_1)
FN:145,(anonymous_2)
FN:150,(anonymous_3)
FN:168,(anonymous_4)
FN:181,(anonymous_5)
FN:217,(anonymous_6)
FN:242,(anonymous_7)
FN:259,(anonymous_8)
FN:285,(anonymous_9)
FN:322,(anonymous_10)
FN:370,(anonymous_11)
FN:398,(anonymous_12)
FN:454,(anonymous_13)
FN:525,(anonymous_14)
FN:532,(anonymous_15)
FN:541,(anonymous_16)
FN:550,(anonymous_17)
FN:580,(anonymous_18)
FN:609,(anonymous_19)
FN:751,(anonymous_20)
FN:922,(anonymous_21)
FN:924,(anonymous_22)
FN:938,(anonymous_23)
FN:1047,(anonymous_24)
FNF:25
FNH:0
FNDA:0,(anonymous_0)
FNDA:0,(anonymous_1)
FNDA:0,(anonymous_2)
FNDA:0,(anonymous_3)
FNDA:0,(anonymous_4)
FNDA:0,(anonymous_5)
FNDA:0,(anonymous_6)
FNDA:0,(anonymous_7)
FNDA:0,(anonymous_8)
FNDA:0,(anonymous_9)
FNDA:0,(anonymous_10)
FNDA:0,(anonymous_11)
FNDA:0,(anonymous_12)
FNDA:0,(anonymous_13)
FNDA:0,(anonymous_14)
FNDA:0,(anonymous_15)
FNDA:0,(anonymous_16)
FNDA:0,(anonymous_17)
FNDA:0,(anonymous_18)
FNDA:0,(anonymous_19)
FNDA:0,(anonymous_20)
FNDA:0,(anonymous_21)
FNDA:0,(anonymous_22)
FNDA:0,(anonymous_23)
FNDA:0,(anonymous_24)
DA:2,1
DA:3,1
DA:4,1
DA:5,1
DA:6,1
DA:7,1
DA:8,1
DA:9,1
DA:38,1
DA:45,1
DA:46,1
DA:52,1
DA:55,1
DA:68,1
DA:69,0
DA:70,0
DA:78,0
DA:79,0
DA:88,0
DA:97,1
DA:98,0
DA:99,0
DA:100,0
DA:104,0
DA:107,0
DA:122,0
DA:124,0
DA:125,0
DA:128,0
DA:138,1
DA:139,1
DA:140,1
DA:145,1
DA:146,0
DA:147,0
DA:149,0
DA:150,0
DA:152,0
DA:153,0
DA:155,0
DA:161,1
DA:168,1
DA:169,0
DA:170,0
DA:171,0
DA:174,0
DA:175,0
DA:178,0
DA:181,0
DA:184,0
DA:185,0
DA:186,0
DA:188,0
DA:190,0
DA:197,0
DA:198,0
DA:201,0
DA:202,0
DA:205,0
DA:217,1
DA:219,0
DA:220,0
DA:223,0
DA:224,0
DA:225,0
DA:226,0
DA:229,0
DA:230,0
DA:231,0
DA:234,0
DA:242,1
DA:243,0
DA:244,0
DA:248,0
DA:259,1
DA:260,0
DA:263,0
DA:282,0
DA:285,0
DA:286,0
DA:290,0
DA:303,0
DA:304,0
DA:305,0
DA:310,0
DA:311,0
DA:314,0
DA:322,1
DA:324,0
DA:325,0
DA:328,0
DA:331,0
DA:332,0
DA:333,0
DA:337,0
DA:338,0
DA:339,0
DA:342,0
DA:343,0
DA:344,0
DA:348,0
DA:349,0
DA:350,0
DA:352,0
DA:354,0
DA:355,0
DA:360,1
DA:361,1
DA:370,1
DA:371,0
DA:392,0
DA:398,1
DA:399,0
DA:448,0
DA:454,1
DA:455,0
DA:457,0
DA:460,0
DA:461,0
DA:464,0
DA:467,0
DA:476,0
DA:477,0
DA:480,0
DA:510,0
DA:517,0
DA:518,0
DA:525,1
DA:526,0
DA:532,1
DA:533,0
DA:534,0
DA:535,0
DA:541,1
DA:542,0
DA:543,0
DA:544,0
DA:550,1
DA:551,0
DA:552,0
DA:553,0
DA:555,0
DA:556,0
DA:557,0
DA:560,0
DA:570,0
DA:580,1
DA:581,0
DA:582,0
DA:585,0
DA:586,0
DA:590,0
DA:591,0
DA:592,0
DA:595,0
DA:597,0
DA:600,0
DA:603,0
DA:606,0
DA:609,0
DA:614,0
DA:617,0
DA:618,0
DA:619,0
DA:623,0
DA:624,0
DA:627,0
DA:628,0
DA:634,0
DA:637,0
DA:639,0
DA:640,0
DA:646,0
DA:650,0
DA:656,0
DA:660,0
DA:663,0
DA:671,0
DA:674,0
DA:679,0
DA:685,0
DA:688,0
DA:689,0
DA:700,0
DA:702,0
DA:708,0
DA:709,0
DA:731,0
DA:738,0
DA:739,0
DA:744,0
DA:751,1
DA:752,0
DA:755,0
DA:756,0
DA:757,0
DA:758,0
DA:762,0
DA:763,0
DA:764,0
DA:767,0
DA:769,0
DA:773,0
DA:774,0
DA:776,0
DA:779,0
DA:780,0
DA:783,0
DA:784,0
DA:785,0
DA:791,0
DA:795,0
DA:796,0
DA:799,0
DA:800,0
DA:803,0
DA:807,0
DA:810,0
DA:818,0
DA:820,0
DA:821,0
DA:827,0
DA:831,0
DA:834,0
DA:842,0
DA:843,0
DA:848,0
DA:851,0
DA:857,0
DA:860,0
DA:861,0
DA:871,0
DA:873,0
DA:879,0
DA:880,0
DA:898,0
DA:905,0
DA:906,0
DA:911,0
DA:922,1
DA:923,0
DA:924,0
DA:925,0
DA:938,1
DA:939,0
DA:941,0
DA:942,0
DA:943,0
DA:946,0
DA:950,0
DA:951,0
DA:952,0
DA:955,0
DA:958,0
DA:961,0
DA:969,0
DA:970,0
DA:971,0
DA:973,0
DA:977,0
DA:983,0
DA:987,0
DA:989,0
DA:990,0
DA:991,0
DA:995,0
DA:998,0
DA:999,0
DA:1000,0
DA:1004,0
DA:1005,0
DA:1015,0
DA:1019,0
DA:1024,0
DA:1025,0
DA:1036,1
DA:1047,0
LF:277
LH:39
BRDA:68,0,0,0
BRDA:69,1,0,0
BRDA:69,1,1,0
BRDA:76,2,0,0
BRDA:76,2,1,0
BRDA:76,2,2,0
BRDA:78,3,0,0
BRDA:78,3,1,0
BRDA:81,4,0,0
BRDA:81,4,1,0
BRDA:82,5,0,0
BRDA:82,5,1,0
BRDA:83,6,0,0
BRDA:83,6,1,0
BRDA:85,7,0,0
BRDA:85,7,1,0
BRDA:85,7,2,0
BRDA:98,8,0,0
BRDA:98,8,1,0
BRDA:122,9,0,0
BRDA:122,9,1,0
BRDA:124,10,0,0
BRDA:124,10,1,0
BRDA:152,11,0,0
BRDA:152,11,1,0
BRDA:170,12,0,0
BRDA:170,12,1,0
BRDA:178,13,0,0
BRDA:178,13,1,0
BRDA:184,14,0,0
BRDA:184,14,1,0
BRDA:201,15,0,0
BRDA:201,15,1,0
BRDA:219,16,0,0
BRDA:219,16,1,0
BRDA:219,17,0,0
BRDA:219,17,1,0
BRDA:224,18,0,0
BRDA:224,18,1,0
BRDA:229,19,0,0
BRDA:229,19,1,0
BRDA:243,20,0,0
BRDA:243,20,1,0
BRDA:260,21,0,0
BRDA:260,21,1,0
BRDA:304,22,0,0
BRDA:304,22,1,0
BRDA:310,23,0,0
BRDA:310,23,1,0
BRDA:310,24,0,0
BRDA:310,24,1,0
BRDA:324,25,0,0
BRDA:324,25,1,0
BRDA:328,26,0,0
BRDA:328,26,1,0
BRDA:331,27,0,0
BRDA:331,27,1,0
BRDA:342,28,0,0
BRDA:342,28,1,0
BRDA:349,29,0,0
BRDA:349,29,1,0
BRDA:506,30,0,0
BRDA:506,30,1,0
BRDA:507,31,0,0
BRDA:507,31,1,0
BRDA:555,32,0,0
BRDA:555,32,1,0
BRDA:585,33,0,0
BRDA:585,33,1,0
BRDA:590,34,0,0
BRDA:590,34,1,0
BRDA:617,35,0,0
BRDA:617,35,1,0
BRDA:618,36,0,0
BRDA:618,36,1,0
BRDA:627,37,0,0
BRDA:627,37,1,0
BRDA:637,38,0,0
BRDA:637,38,1,0
BRDA:639,39,0,0
BRDA:639,39,1,0
BRDA:639,40,0,0
BRDA:639,40,1,0
BRDA:654,41,0,0
BRDA:654,41,1,0
BRDA:674,42,0,0
BRDA:674,42,1,0
BRDA:674,42,2,0
BRDA:729,43,0,0
BRDA:729,43,1,0
BRDA:756,44,0,0
BRDA:756,44,1,0
BRDA:756,45,0,0
BRDA:756,45,1,0
BRDA:762,46,0,0
BRDA:762,46,1,0
BRDA:784,47,0,0
BRDA:784,47,1,0
BRDA:820,48,0,0
BRDA:820,48,1,0
BRDA:825,49,0,0
BRDA:825,49,1,0
BRDA:843,50,0,0
BRDA:843,50,1,0
BRDA:843,50,2,0
BRDA:941,51,0,0
BRDA:941,51,1,0
BRDA:941,52,0,0
BRDA:941,52,1,0
BRDA:941,52,2,0
BRDA:950,53,0,0
BRDA:950,53,1,0
BRDA:987,54,0,0
BRDA:987,54,1,0
BRDA:987,55,0,0
BRDA:987,55,1,0
BRDA:987,55,2,0
BRDA:989,56,0,0
BRDA:989,56,1,0
BRDA:1004,57,0,0
BRDA:1004,57,1,0
BRDA:1004,58,0,0
BRDA:1004,58,1,0
BRDA:1004,58,2,0
BRF:124
BRH:0
end_of_record
